[2025-11-04T01:21:02.573+0000] {taskinstance.py:1956} INFO - Dependencies all met for dep_context=non-requeueable deps ti=<TaskInstance: openflights_etl_pipeline.download_task manual__2025-11-04T01:21:02.128899+00:00 [queued]>
[2025-11-04T01:21:02.580+0000] {taskinstance.py:1956} INFO - Dependencies all met for dep_context=requeueable deps ti=<TaskInstance: openflights_etl_pipeline.download_task manual__2025-11-04T01:21:02.128899+00:00 [queued]>
[2025-11-04T01:21:02.580+0000] {taskinstance.py:2170} INFO - Starting attempt 1 of 3
[2025-11-04T01:21:02.585+0000] {taskinstance.py:2191} INFO - Executing <Task(PythonOperator): download_task> on 2025-11-04 01:21:02.128899+00:00
[2025-11-04T01:21:02.587+0000] {standard_task_runner.py:60} INFO - Started process 379 to run task
[2025-11-04T01:21:02.588+0000] {standard_task_runner.py:87} INFO - Running: ['***', 'tasks', 'run', 'openflights_etl_pipeline', 'download_task', 'manual__2025-11-04T01:21:02.128899+00:00', '--job-id', '28', '--raw', '--subdir', 'DAGS_FOLDER/openflights_pipeline_dag.py', '--cfg-path', '/tmp/tmpg_kx97z6']
[2025-11-04T01:21:02.589+0000] {standard_task_runner.py:88} INFO - Job 28: Subtask download_task
[2025-11-04T01:21:02.610+0000] {task_command.py:423} INFO - Running <TaskInstance: openflights_etl_pipeline.download_task manual__2025-11-04T01:21:02.128899+00:00 [running]> on host 4913d2343cee
[2025-11-04T01:21:02.643+0000] {taskinstance.py:2480} INFO - Exporting env vars: AIRFLOW_CTX_DAG_OWNER='student' AIRFLOW_CTX_DAG_ID='openflights_etl_pipeline' AIRFLOW_CTX_TASK_ID='download_task' AIRFLOW_CTX_EXECUTION_DATE='2025-11-04T01:21:02.128899+00:00' AIRFLOW_CTX_TRY_NUMBER='1' AIRFLOW_CTX_DAG_RUN_ID='manual__2025-11-04T01:21:02.128899+00:00'
[2025-11-04T01:21:02.643+0000] {logging_mixin.py:188} INFO - 
================================================================================
[2025-11-04T01:21:02.643+0000] {logging_mixin.py:188} INFO - TASK: DOWNLOAD
[2025-11-04T01:21:02.643+0000] {logging_mixin.py:188} INFO - ================================================================================
[2025-11-04T01:21:02.643+0000] {logging_mixin.py:188} INFO - ================================================================================
[2025-11-04T01:21:02.644+0000] {logging_mixin.py:188} INFO - 📥 DOWNLOADING OPENFLIGHTS DATA
[2025-11-04T01:21:02.644+0000] {logging_mixin.py:188} INFO - ================================================================================
[2025-11-04T01:21:02.644+0000] {logging_mixin.py:188} INFO - 
📥 Downloading airports from https://raw.githubusercontent.com/jpatokal/openflights/master/data/airports.dat
[2025-11-04T01:21:02.901+0000] {logging_mixin.py:188} INFO -   ✅ Downloaded 1,126,331 bytes
[2025-11-04T01:21:02.901+0000] {logging_mixin.py:188} INFO -   ✅ Verified file on disk: 1,127,225 bytes
[2025-11-04T01:21:02.909+0000] {logging_mixin.py:188} INFO -   ✅ File contains 7,698 lines
[2025-11-04T01:21:02.910+0000] {logging_mixin.py:188} INFO - 
📥 Downloading routes from https://raw.githubusercontent.com/jpatokal/openflights/master/data/routes.dat
[2025-11-04T01:21:03.242+0000] {logging_mixin.py:188} INFO -   ✅ Downloaded 2,377,148 bytes
[2025-11-04T01:21:03.243+0000] {logging_mixin.py:188} INFO -   ✅ Verified file on disk: 2,377,148 bytes
[2025-11-04T01:21:03.250+0000] {logging_mixin.py:188} INFO -   ✅ File contains 67,663 lines
[2025-11-04T01:21:03.251+0000] {logging_mixin.py:188} INFO - 
🔍 FINAL VALIDATION
[2025-11-04T01:21:03.251+0000] {logging_mixin.py:188} INFO - --------------------------------------------------------------------------------
[2025-11-04T01:21:03.251+0000] {logging_mixin.py:188} INFO -   ✅ Airports file: /opt/***/data/airports.dat
[2025-11-04T01:21:03.251+0000] {logging_mixin.py:188} INFO -      Size: 1,127,225 bytes
[2025-11-04T01:21:03.251+0000] {logging_mixin.py:188} INFO -   ✅ Routes file: /opt/***/data/routes.dat
[2025-11-04T01:21:03.251+0000] {logging_mixin.py:188} INFO -      Size: 2,377,148 bytes
[2025-11-04T01:21:03.251+0000] {logging_mixin.py:188} INFO - 
✅ DOWNLOAD SUCCESSFUL!
[2025-11-04T01:21:03.251+0000] {logging_mixin.py:188} INFO - ================================================================================
[2025-11-04T01:21:03.252+0000] {logging_mixin.py:188} INFO - ✅ Downloaded datasets: {'airports': '/opt/***/data/airports.dat', 'routes': '/opt/***/data/routes.dat'}
[2025-11-04T01:21:03.252+0000] {python.py:201} INFO - Done. Returned value was: {'airports': '/opt/***/data/airports.dat', 'routes': '/opt/***/data/routes.dat'}
[2025-11-04T01:21:03.263+0000] {taskinstance.py:1138} INFO - Marking task as SUCCESS. dag_id=openflights_etl_pipeline, task_id=download_task, execution_date=20251104T012102, start_date=20251104T012102, end_date=20251104T012103
[2025-11-04T01:21:03.280+0000] {local_task_job_runner.py:234} INFO - Task exited with return code 0
[2025-11-04T01:21:03.292+0000] {taskinstance.py:3280} INFO - 2 downstream tasks scheduled from follow-on schedule check
