[2025-11-04T01:21:05.513+0000] {taskinstance.py:1956} INFO - Dependencies all met for dep_context=non-requeueable deps ti=<TaskInstance: openflights_etl_pipeline.merge_and_load_task manual__2025-11-04T01:21:02.128899+00:00 [queued]>
[2025-11-04T01:21:05.516+0000] {taskinstance.py:1956} INFO - Dependencies all met for dep_context=requeueable deps ti=<TaskInstance: openflights_etl_pipeline.merge_and_load_task manual__2025-11-04T01:21:02.128899+00:00 [queued]>
[2025-11-04T01:21:05.516+0000] {taskinstance.py:2170} INFO - Starting attempt 1 of 3
[2025-11-04T01:21:05.520+0000] {taskinstance.py:2191} INFO - Executing <Task(PythonOperator): merge_and_load_task> on 2025-11-04 01:21:02.128899+00:00
[2025-11-04T01:21:05.522+0000] {standard_task_runner.py:60} INFO - Started process 387 to run task
[2025-11-04T01:21:05.523+0000] {standard_task_runner.py:87} INFO - Running: ['***', 'tasks', 'run', 'openflights_etl_pipeline', 'merge_and_load_task', 'manual__2025-11-04T01:21:02.128899+00:00', '--job-id', '31', '--raw', '--subdir', 'DAGS_FOLDER/openflights_pipeline_dag.py', '--cfg-path', '/tmp/tmpwdqt8shv']
[2025-11-04T01:21:05.524+0000] {standard_task_runner.py:88} INFO - Job 31: Subtask merge_and_load_task
[2025-11-04T01:21:05.542+0000] {task_command.py:423} INFO - Running <TaskInstance: openflights_etl_pipeline.merge_and_load_task manual__2025-11-04T01:21:02.128899+00:00 [running]> on host 4913d2343cee
[2025-11-04T01:21:05.571+0000] {taskinstance.py:2480} INFO - Exporting env vars: AIRFLOW_CTX_DAG_OWNER='student' AIRFLOW_CTX_DAG_ID='openflights_etl_pipeline' AIRFLOW_CTX_TASK_ID='merge_and_load_task' AIRFLOW_CTX_EXECUTION_DATE='2025-11-04T01:21:02.128899+00:00' AIRFLOW_CTX_TRY_NUMBER='1' AIRFLOW_CTX_DAG_RUN_ID='manual__2025-11-04T01:21:02.128899+00:00'
[2025-11-04T01:21:05.571+0000] {logging_mixin.py:188} INFO - 
================================================================================
[2025-11-04T01:21:05.571+0000] {logging_mixin.py:188} INFO - TASK: MERGE AND LOAD
[2025-11-04T01:21:05.571+0000] {logging_mixin.py:188} INFO - ================================================================================
[2025-11-04T01:21:05.724+0000] {logging_mixin.py:188} INFO - Routes: /opt/***/data/processed/routes_processed.csv
[2025-11-04T01:21:05.724+0000] {logging_mixin.py:188} INFO - Airports: /opt/***/data/processed/airports_processed.csv
[2025-11-04T01:21:05.724+0000] {logging_mixin.py:188} INFO - 
================================================================================
[2025-11-04T01:21:05.724+0000] {logging_mixin.py:188} INFO - 🔗 MERGING AND LOADING DATA
[2025-11-04T01:21:05.724+0000] {logging_mixin.py:188} INFO - ================================================================================
[2025-11-04T01:21:05.724+0000] {logging_mixin.py:188} INFO -   🛫 Routes: /opt/***/data/processed/routes_processed.csv
[2025-11-04T01:21:05.724+0000] {logging_mixin.py:188} INFO -   ✈️  Airports: /opt/***/data/processed/airports_processed.csv
[2025-11-04T01:21:05.736+0000] {logging_mixin.py:188} INFO -   ✓ Loaded 67240 routes
[2025-11-04T01:21:05.743+0000] {logging_mixin.py:188} INFO -   ✓ Loaded 7698 airports
[2025-11-04T01:21:05.744+0000] {logging_mixin.py:188} INFO -   ✓ Routes columns: ['airline', 'airline_id', 'source_airport_id', 'dest_airport_id', 'stops', 'equipment']
[2025-11-04T01:21:05.744+0000] {logging_mixin.py:188} INFO -   ✓ Airports columns: ['airport_id', 'name', 'city', 'country', 'iata', 'icao', 'latitude', 'longitude', 'altitude']
[2025-11-04T01:21:05.744+0000] {logging_mixin.py:188} INFO - 
  🔗 Merging with source airports...
[2025-11-04T01:21:05.758+0000] {logging_mixin.py:188} INFO -   ✓ After source merge: 67240 rows
[2025-11-04T01:21:05.758+0000] {logging_mixin.py:188} INFO -   🔗 Merging with destination airports...
[2025-11-04T01:21:05.778+0000] {logging_mixin.py:188} INFO -   ✓ After destination merge: 67240 rows
[2025-11-04T01:21:05.778+0000] {logging_mixin.py:188} INFO -   ✓ Final columns (22): ['airline', 'airline_id', 'source_airport_id', 'dest_airport_id', 'stops', 'equipment', 'source_airport_name', 'source_city', 'source_country', 'source_iata', 'source_icao', 'source_latitude', 'source_longitude', 'source_altitude', 'dest_airport_name', 'dest_city', 'dest_country', 'dest_iata', 'dest_icao', 'dest_latitude', 'dest_longitude', 'dest_altitude']
[2025-11-04T01:21:05.780+0000] {logging_mixin.py:188} INFO - 
  🔍 Data Quality Check:
[2025-11-04T01:21:05.780+0000] {logging_mixin.py:188} INFO -      Missing source airports: 259
[2025-11-04T01:21:05.780+0000] {logging_mixin.py:188} INFO -      Missing dest airports: 264
[2025-11-04T01:21:05.780+0000] {logging_mixin.py:188} INFO -   ⚠️  Warning: 259 routes have no matching source airport
[2025-11-04T01:21:05.780+0000] {logging_mixin.py:188} INFO -   ⚠️  Warning: 264 routes have no matching destination airport
[2025-11-04T01:21:05.787+0000] {logging_mixin.py:188} INFO -   ✓ Removed 469 incomplete routes
[2025-11-04T01:21:05.787+0000] {logging_mixin.py:188} INFO -   ✓ Final clean dataset: 66771 complete routes
[2025-11-04T01:21:05.787+0000] {logging_mixin.py:188} INFO - 
💾 LOADING TO POSTGRESQL
[2025-11-04T01:21:05.787+0000] {logging_mixin.py:188} INFO - --------------------------------------------------------------------------------
[2025-11-04T01:21:05.788+0000] {logging_mixin.py:188} INFO -   Database: postgres:5432/***
[2025-11-04T01:21:05.791+0000] {logging_mixin.py:188} INFO -   ✓ Database connection successful
[2025-11-04T01:21:05.791+0000] {logging_mixin.py:188} INFO -   🗑️  Dropping existing table if exists...
[2025-11-04T01:21:05.794+0000] {logging_mixin.py:188} INFO -   ✓ Table dropped (if existed)
[2025-11-04T01:21:05.794+0000] {logging_mixin.py:188} INFO -   💾 Writing 66771 rows to 'airport_routes_merged'...
[2025-11-04T01:21:17.250+0000] {logging_mixin.py:188} INFO -   ✅ Write transaction committed
[2025-11-04T01:21:17.250+0000] {logging_mixin.py:188} INFO - 
  🔍 VERIFYING DATA IN DATABASE
[2025-11-04T01:21:17.250+0000] {logging_mixin.py:188} INFO - --------------------------------------------------------------------------------
[2025-11-04T01:21:17.251+0000] {logging_mixin.py:188} INFO -   ✓ Table 'airport_routes_merged' exists
[2025-11-04T01:21:17.253+0000] {logging_mixin.py:188} INFO -   ✓ Row count in database: 66,771
[2025-11-04T01:21:17.255+0000] {logging_mixin.py:188} INFO -   ✓ Columns in database (22): ['airline', 'airline_id', 'source_airport_id', 'dest_airport_id', 'stops']... (showing first 5)
[2025-11-04T01:21:17.255+0000] {logging_mixin.py:188} INFO -   ✓ Sample data retrieved: 3 rows
[2025-11-04T01:21:17.255+0000] {logging_mixin.py:188} INFO - 
  📋 Sample Route:
[2025-11-04T01:21:17.255+0000] {logging_mixin.py:188} INFO -      Airline: 2B
[2025-11-04T01:21:17.255+0000] {logging_mixin.py:188} INFO -      Source: Sochi International Airport (Sochi)
[2025-11-04T01:21:17.255+0000] {logging_mixin.py:188} INFO -      Destination: Kazan International Airport (Kazan)
[2025-11-04T01:21:17.256+0000] {logging_mixin.py:188} INFO - 
✅ DATABASE LOAD SUCCESSFUL!
[2025-11-04T01:21:17.256+0000] {logging_mixin.py:188} INFO - ================================================================================
[2025-11-04T01:21:17.257+0000] {logging_mixin.py:188} INFO - ✅ Merge and load completed successfully
[2025-11-04T01:21:17.257+0000] {python.py:201} INFO - Done. Returned value was: True
[2025-11-04T01:21:17.266+0000] {taskinstance.py:1138} INFO - Marking task as SUCCESS. dag_id=openflights_etl_pipeline, task_id=merge_and_load_task, execution_date=20251104T012102, start_date=20251104T012105, end_date=20251104T012117
[2025-11-04T01:21:17.315+0000] {local_task_job_runner.py:234} INFO - Task exited with return code 0
[2025-11-04T01:21:17.326+0000] {taskinstance.py:3280} INFO - 1 downstream tasks scheduled from follow-on schedule check
