[2025-11-04T00:50:23.094+0000] {taskinstance.py:1956} INFO - Dependencies all met for dep_context=non-requeueable deps ti=<TaskInstance: openflights_etl_pipeline.download_task manual__2025-11-04T00:50:22+00:00 [queued]>
[2025-11-04T00:50:23.097+0000] {taskinstance.py:1956} INFO - Dependencies all met for dep_context=requeueable deps ti=<TaskInstance: openflights_etl_pipeline.download_task manual__2025-11-04T00:50:22+00:00 [queued]>
[2025-11-04T00:50:23.097+0000] {taskinstance.py:2170} INFO - Starting attempt 1 of 2
[2025-11-04T00:50:23.101+0000] {taskinstance.py:2191} INFO - Executing <Task(PythonOperator): download_task> on 2025-11-04 00:50:22+00:00
[2025-11-04T00:50:23.102+0000] {standard_task_runner.py:60} INFO - Started process 371 to run task
[2025-11-04T00:50:23.103+0000] {standard_task_runner.py:87} INFO - Running: ['***', 'tasks', 'run', 'openflights_etl_pipeline', 'download_task', 'manual__2025-11-04T00:50:22+00:00', '--job-id', '2', '--raw', '--subdir', 'DAGS_FOLDER/openflights_pipeline_dag.py', '--cfg-path', '/tmp/tmp2raw_k6i']
[2025-11-04T00:50:23.104+0000] {standard_task_runner.py:88} INFO - Job 2: Subtask download_task
[2025-11-04T00:50:23.121+0000] {task_command.py:423} INFO - Running <TaskInstance: openflights_etl_pipeline.download_task manual__2025-11-04T00:50:22+00:00 [running]> on host 8f60f9ce8a63
[2025-11-04T00:50:23.147+0000] {taskinstance.py:2480} INFO - Exporting env vars: AIRFLOW_CTX_DAG_OWNER='student' AIRFLOW_CTX_DAG_ID='openflights_etl_pipeline' AIRFLOW_CTX_TASK_ID='download_task' AIRFLOW_CTX_EXECUTION_DATE='2025-11-04T00:50:22+00:00' AIRFLOW_CTX_TRY_NUMBER='1' AIRFLOW_CTX_DAG_RUN_ID='manual__2025-11-04T00:50:22+00:00'
[2025-11-04T00:50:23.149+0000] {logging_mixin.py:188} INFO - 📥 Downloading airports from https://raw.githubusercontent.com/jpatokal/openflights/master/data/airports.dat
[2025-11-04T00:50:23.837+0000] {logging_mixin.py:188} INFO - ✅ Downloaded to /opt/***/data/airports.dat
[2025-11-04T00:50:23.838+0000] {logging_mixin.py:188} INFO - 📥 Downloading routes from https://raw.githubusercontent.com/jpatokal/openflights/master/data/routes.dat
[2025-11-04T00:50:24.542+0000] {logging_mixin.py:188} INFO - ✅ Downloaded to /opt/***/data/routes.dat
[2025-11-04T00:50:24.543+0000] {logging_mixin.py:188} INFO - ✈️  Airports file: /opt/***/data/airports.dat
[2025-11-04T00:50:24.543+0000] {logging_mixin.py:188} INFO - 🛫 Routes file: /opt/***/data/routes.dat
[2025-11-04T00:50:24.545+0000] {logging_mixin.py:188} INFO - Downloaded datasets: {'airports': '/opt/***/data/airports.dat', 'routes': '/opt/***/data/routes.dat'}
[2025-11-04T00:50:24.545+0000] {python.py:201} INFO - Done. Returned value was: {'airports': '/opt/***/data/airports.dat', 'routes': '/opt/***/data/routes.dat'}
[2025-11-04T00:50:24.568+0000] {taskinstance.py:1138} INFO - Marking task as SUCCESS. dag_id=openflights_etl_pipeline, task_id=download_task, execution_date=20251104T005022, start_date=20251104T005023, end_date=20251104T005024
[2025-11-04T00:50:24.581+0000] {local_task_job_runner.py:234} INFO - Task exited with return code 0
[2025-11-04T00:50:24.596+0000] {taskinstance.py:3280} INFO - 2 downstream tasks scheduled from follow-on schedule check
