[2025-11-04T01:18:33.166+0000] {taskinstance.py:1956} INFO - Dependencies all met for dep_context=non-requeueable deps ti=<TaskInstance: openflights_etl_pipeline.transform_group.transform_routes_task manual__2025-11-04T01:18:31+00:00 [queued]>
[2025-11-04T01:18:33.169+0000] {taskinstance.py:1956} INFO - Dependencies all met for dep_context=requeueable deps ti=<TaskInstance: openflights_etl_pipeline.transform_group.transform_routes_task manual__2025-11-04T01:18:31+00:00 [queued]>
[2025-11-04T01:18:33.169+0000] {taskinstance.py:2170} INFO - Starting attempt 1 of 3
[2025-11-04T01:18:33.173+0000] {taskinstance.py:2191} INFO - Executing <Task(PythonOperator): transform_group.transform_routes_task> on 2025-11-04 01:18:31+00:00
[2025-11-04T01:18:33.175+0000] {standard_task_runner.py:60} INFO - Started process 327 to run task
[2025-11-04T01:18:33.177+0000] {standard_task_runner.py:87} INFO - Running: ['***', 'tasks', 'run', 'openflights_etl_pipeline', 'transform_group.transform_routes_task', 'manual__2025-11-04T01:18:31+00:00', '--job-id', '24', '--raw', '--subdir', 'DAGS_FOLDER/openflights_pipeline_dag.py', '--cfg-path', '/tmp/tmpy7df2l12']
[2025-11-04T01:18:33.177+0000] {standard_task_runner.py:88} INFO - Job 24: Subtask transform_group.transform_routes_task
[2025-11-04T01:18:33.196+0000] {task_command.py:423} INFO - Running <TaskInstance: openflights_etl_pipeline.transform_group.transform_routes_task manual__2025-11-04T01:18:31+00:00 [running]> on host 4913d2343cee
[2025-11-04T01:18:33.228+0000] {taskinstance.py:2480} INFO - Exporting env vars: AIRFLOW_CTX_DAG_OWNER='student' AIRFLOW_CTX_DAG_ID='openflights_etl_pipeline' AIRFLOW_CTX_TASK_ID='transform_group.transform_routes_task' AIRFLOW_CTX_EXECUTION_DATE='2025-11-04T01:18:31+00:00' AIRFLOW_CTX_TRY_NUMBER='1' AIRFLOW_CTX_DAG_RUN_ID='manual__2025-11-04T01:18:31+00:00'
[2025-11-04T01:18:33.228+0000] {logging_mixin.py:188} INFO - 
================================================================================
[2025-11-04T01:18:33.228+0000] {logging_mixin.py:188} INFO - TASK: TRANSFORM ROUTES
[2025-11-04T01:18:33.229+0000] {logging_mixin.py:188} INFO - ================================================================================
[2025-11-04T01:18:33.441+0000] {logging_mixin.py:188} INFO - Input: /opt/***/data/routes.dat
[2025-11-04T01:18:33.442+0000] {logging_mixin.py:188} INFO - 
================================================================================
[2025-11-04T01:18:33.442+0000] {logging_mixin.py:188} INFO - 🛫 TRANSFORMING ROUTES
[2025-11-04T01:18:33.442+0000] {logging_mixin.py:188} INFO - ================================================================================
[2025-11-04T01:18:33.442+0000] {logging_mixin.py:188} INFO - Input: /opt/***/data/routes.dat
[2025-11-04T01:18:33.442+0000] {logging_mixin.py:188} INFO -   ✓ Input file size: 2,377,148 bytes
[2025-11-04T01:18:33.471+0000] {logging_mixin.py:188} INFO -   ✓ Loaded 67663 routes
[2025-11-04T01:18:33.472+0000] {logging_mixin.py:188} INFO -   ✓ Unique airlines: 568
[2025-11-04T01:18:33.472+0000] {logging_mixin.py:188} INFO -   ✓ Columns: ['airline', 'airline_id', 'source_airport', 'source_airport_id', 'dest_airport', 'dest_airport_id', 'codeshare', 'stops', 'equipment']
[2025-11-04T01:18:33.475+0000] {logging_mixin.py:188} INFO -   ✓ After removing routes without airport IDs: 67240 (423 removed)
[2025-11-04T01:18:33.479+0000] {logging_mixin.py:188} INFO -   ✓ After removing non-numeric IDs: 67240 (0 removed)
[2025-11-04T01:18:33.482+0000] {logging_mixin.py:188} INFO -   ✓ Final dataset: 67240 valid routes
[2025-11-04T01:18:33.482+0000] {logging_mixin.py:188} INFO -   ✓ Direct flights (0 stops): 67229
[2025-11-04T01:18:33.542+0000] {logging_mixin.py:188} INFO -   ✅ Saved to: /opt/***/data/processed/routes_processed.csv
[2025-11-04T01:18:33.542+0000] {logging_mixin.py:188} INFO -   ✅ Output size: 1,809,277 bytes
[2025-11-04T01:18:33.542+0000] {logging_mixin.py:188} INFO - ================================================================================
[2025-11-04T01:18:33.543+0000] {logging_mixin.py:188} INFO - ✅ Transformed routes saved to: /opt/***/data/processed/routes_processed.csv
[2025-11-04T01:18:33.543+0000] {python.py:201} INFO - Done. Returned value was: /opt/***/data/processed/routes_processed.csv
[2025-11-04T01:18:33.552+0000] {taskinstance.py:1138} INFO - Marking task as SUCCESS. dag_id=openflights_etl_pipeline, task_id=transform_group.transform_routes_task, execution_date=20251104T011831, start_date=20251104T011833, end_date=20251104T011833
[2025-11-04T01:18:33.576+0000] {local_task_job_runner.py:234} INFO - Task exited with return code 0
[2025-11-04T01:18:33.586+0000] {taskinstance.py:3280} INFO - 1 downstream tasks scheduled from follow-on schedule check
