[2025-11-04T01:21:04.273+0000] {taskinstance.py:1956} INFO - Dependencies all met for dep_context=non-requeueable deps ti=<TaskInstance: openflights_etl_pipeline.transform_group.transform_routes_task manual__2025-11-04T01:21:02.128899+00:00 [queued]>
[2025-11-04T01:21:04.276+0000] {taskinstance.py:1956} INFO - Dependencies all met for dep_context=requeueable deps ti=<TaskInstance: openflights_etl_pipeline.transform_group.transform_routes_task manual__2025-11-04T01:21:02.128899+00:00 [queued]>
[2025-11-04T01:21:04.276+0000] {taskinstance.py:2170} INFO - Starting attempt 1 of 3
[2025-11-04T01:21:04.280+0000] {taskinstance.py:2191} INFO - Executing <Task(PythonOperator): transform_group.transform_routes_task> on 2025-11-04 01:21:02.128899+00:00
[2025-11-04T01:21:04.282+0000] {standard_task_runner.py:60} INFO - Started process 382 to run task
[2025-11-04T01:21:04.284+0000] {standard_task_runner.py:87} INFO - Running: ['***', 'tasks', 'run', 'openflights_etl_pipeline', 'transform_group.transform_routes_task', 'manual__2025-11-04T01:21:02.128899+00:00', '--job-id', '29', '--raw', '--subdir', 'DAGS_FOLDER/openflights_pipeline_dag.py', '--cfg-path', '/tmp/tmp1ixn8c6j']
[2025-11-04T01:21:04.285+0000] {standard_task_runner.py:88} INFO - Job 29: Subtask transform_group.transform_routes_task
[2025-11-04T01:21:04.303+0000] {task_command.py:423} INFO - Running <TaskInstance: openflights_etl_pipeline.transform_group.transform_routes_task manual__2025-11-04T01:21:02.128899+00:00 [running]> on host 4913d2343cee
[2025-11-04T01:21:04.335+0000] {taskinstance.py:2480} INFO - Exporting env vars: AIRFLOW_CTX_DAG_OWNER='student' AIRFLOW_CTX_DAG_ID='openflights_etl_pipeline' AIRFLOW_CTX_TASK_ID='transform_group.transform_routes_task' AIRFLOW_CTX_EXECUTION_DATE='2025-11-04T01:21:02.128899+00:00' AIRFLOW_CTX_TRY_NUMBER='1' AIRFLOW_CTX_DAG_RUN_ID='manual__2025-11-04T01:21:02.128899+00:00'
[2025-11-04T01:21:04.335+0000] {logging_mixin.py:188} INFO - 
================================================================================
[2025-11-04T01:21:04.335+0000] {logging_mixin.py:188} INFO - TASK: TRANSFORM ROUTES
[2025-11-04T01:21:04.335+0000] {logging_mixin.py:188} INFO - ================================================================================
[2025-11-04T01:21:04.502+0000] {logging_mixin.py:188} INFO - Input: /opt/***/data/routes.dat
[2025-11-04T01:21:04.502+0000] {logging_mixin.py:188} INFO - 
================================================================================
[2025-11-04T01:21:04.502+0000] {logging_mixin.py:188} INFO - 🛫 TRANSFORMING ROUTES
[2025-11-04T01:21:04.502+0000] {logging_mixin.py:188} INFO - ================================================================================
[2025-11-04T01:21:04.502+0000] {logging_mixin.py:188} INFO - Input: /opt/***/data/routes.dat
[2025-11-04T01:21:04.502+0000] {logging_mixin.py:188} INFO -   ✓ Input file size: 2,377,148 bytes
[2025-11-04T01:21:04.529+0000] {logging_mixin.py:188} INFO -   ✓ Loaded 67663 routes
[2025-11-04T01:21:04.530+0000] {logging_mixin.py:188} INFO -   ✓ Unique airlines: 568
[2025-11-04T01:21:04.530+0000] {logging_mixin.py:188} INFO -   ✓ Columns: ['airline', 'airline_id', 'source_airport', 'source_airport_id', 'dest_airport', 'dest_airport_id', 'codeshare', 'stops', 'equipment']
[2025-11-04T01:21:04.533+0000] {logging_mixin.py:188} INFO -   ✓ After removing routes without airport IDs: 67240 (423 removed)
[2025-11-04T01:21:04.536+0000] {logging_mixin.py:188} INFO -   ✓ After removing non-numeric IDs: 67240 (0 removed)
[2025-11-04T01:21:04.540+0000] {logging_mixin.py:188} INFO -   ✓ Final dataset: 67240 valid routes
[2025-11-04T01:21:04.540+0000] {logging_mixin.py:188} INFO -   ✓ Direct flights (0 stops): 67229
[2025-11-04T01:21:04.600+0000] {logging_mixin.py:188} INFO -   ✅ Saved to: /opt/***/data/processed/routes_processed.csv
[2025-11-04T01:21:04.601+0000] {logging_mixin.py:188} INFO -   ✅ Output size: 1,809,277 bytes
[2025-11-04T01:21:04.601+0000] {logging_mixin.py:188} INFO - ================================================================================
[2025-11-04T01:21:04.601+0000] {logging_mixin.py:188} INFO - ✅ Transformed routes saved to: /opt/***/data/processed/routes_processed.csv
[2025-11-04T01:21:04.601+0000] {python.py:201} INFO - Done. Returned value was: /opt/***/data/processed/routes_processed.csv
[2025-11-04T01:21:04.610+0000] {taskinstance.py:1138} INFO - Marking task as SUCCESS. dag_id=openflights_etl_pipeline, task_id=transform_group.transform_routes_task, execution_date=20251104T012102, start_date=20251104T012104, end_date=20251104T012104
[2025-11-04T01:21:04.633+0000] {local_task_job_runner.py:234} INFO - Task exited with return code 0
[2025-11-04T01:21:04.643+0000] {taskinstance.py:3280} INFO - 1 downstream tasks scheduled from follow-on schedule check
