[2025-11-04T00:50:25.211+0000] {taskinstance.py:1956} INFO - Dependencies all met for dep_context=non-requeueable deps ti=<TaskInstance: openflights_etl_pipeline.transform_group.transform_routes_task manual__2025-11-04T00:50:22+00:00 [queued]>
[2025-11-04T00:50:25.214+0000] {taskinstance.py:1956} INFO - Dependencies all met for dep_context=requeueable deps ti=<TaskInstance: openflights_etl_pipeline.transform_group.transform_routes_task manual__2025-11-04T00:50:22+00:00 [queued]>
[2025-11-04T00:50:25.214+0000] {taskinstance.py:2170} INFO - Starting attempt 1 of 2
[2025-11-04T00:50:25.219+0000] {taskinstance.py:2191} INFO - Executing <Task(PythonOperator): transform_group.transform_routes_task> on 2025-11-04 00:50:22+00:00
[2025-11-04T00:50:25.220+0000] {standard_task_runner.py:60} INFO - Started process 374 to run task
[2025-11-04T00:50:25.221+0000] {standard_task_runner.py:87} INFO - Running: ['***', 'tasks', 'run', 'openflights_etl_pipeline', 'transform_group.transform_routes_task', 'manual__2025-11-04T00:50:22+00:00', '--job-id', '4', '--raw', '--subdir', 'DAGS_FOLDER/openflights_pipeline_dag.py', '--cfg-path', '/tmp/tmpsx2s4m7c']
[2025-11-04T00:50:25.222+0000] {standard_task_runner.py:88} INFO - Job 4: Subtask transform_group.transform_routes_task
[2025-11-04T00:50:25.241+0000] {task_command.py:423} INFO - Running <TaskInstance: openflights_etl_pipeline.transform_group.transform_routes_task manual__2025-11-04T00:50:22+00:00 [running]> on host 8f60f9ce8a63
[2025-11-04T00:50:25.270+0000] {taskinstance.py:2480} INFO - Exporting env vars: AIRFLOW_CTX_DAG_OWNER='student' AIRFLOW_CTX_DAG_ID='openflights_etl_pipeline' AIRFLOW_CTX_TASK_ID='transform_group.transform_routes_task' AIRFLOW_CTX_EXECUTION_DATE='2025-11-04T00:50:22+00:00' AIRFLOW_CTX_TRY_NUMBER='1' AIRFLOW_CTX_DAG_RUN_ID='manual__2025-11-04T00:50:22+00:00'
[2025-11-04T00:50:25.448+0000] {logging_mixin.py:188} INFO - 🛫 Transforming routes from: /opt/***/data/routes.dat
[2025-11-04T00:50:25.477+0000] {logging_mixin.py:188} INFO -   ✓ Loaded 67663 routes
[2025-11-04T00:50:25.478+0000] {logging_mixin.py:188} INFO -   ✓ Unique airlines: 568
[2025-11-04T00:50:25.478+0000] {logging_mixin.py:188} INFO -   ✓ Columns: ['airline', 'airline_id', 'source_airport', 'source_airport_id', 'dest_airport', 'dest_airport_id', 'codeshare', 'stops', 'equipment']
[2025-11-04T00:50:25.486+0000] {logging_mixin.py:188} INFO -   ✓ Cleaned dataset: 67240 valid routes
[2025-11-04T00:50:25.487+0000] {logging_mixin.py:188} INFO -   ✓ Direct flights (0 stops): 67229
[2025-11-04T00:50:25.548+0000] {logging_mixin.py:188} INFO -   ✅ Saved 67240 processed routes to: /opt/***/data/processed/routes_processed.csv
[2025-11-04T00:50:25.548+0000] {logging_mixin.py:188} INFO - Transformed routes saved to: /opt/***/data/processed/routes_processed.csv
[2025-11-04T00:50:25.549+0000] {python.py:201} INFO - Done. Returned value was: /opt/***/data/processed/routes_processed.csv
[2025-11-04T00:50:25.557+0000] {taskinstance.py:1138} INFO - Marking task as SUCCESS. dag_id=openflights_etl_pipeline, task_id=transform_group.transform_routes_task, execution_date=20251104T005022, start_date=20251104T005025, end_date=20251104T005025
[2025-11-04T00:50:25.575+0000] {local_task_job_runner.py:234} INFO - Task exited with return code 0
[2025-11-04T00:50:25.585+0000] {taskinstance.py:3280} INFO - 1 downstream tasks scheduled from follow-on schedule check
