[2025-11-04T00:48:05.892+0000] {processor.py:161} INFO - Started process (PID=218) to work on /opt/airflow/dags/openflights_pipeline_dag.py
[2025-11-04T00:48:05.892+0000] {processor.py:830} INFO - Processing file /opt/airflow/dags/openflights_pipeline_dag.py for tasks to queue
[2025-11-04T00:48:05.893+0000] {logging_mixin.py:188} INFO - [2025-11-04T00:48:05.893+0000] {dagbag.py:538} INFO - Filling up the DagBag from /opt/airflow/dags/openflights_pipeline_dag.py
[2025-11-04T00:48:05.900+0000] {processor.py:840} INFO - DAG(s) 'openflights_etl_pipeline' retrieved from /opt/airflow/dags/openflights_pipeline_dag.py
[2025-11-04T00:48:05.912+0000] {logging_mixin.py:188} INFO - [2025-11-04T00:48:05.912+0000] {dag.py:3036} INFO - Sync 1 DAGs
[2025-11-04T00:48:05.924+0000] {logging_mixin.py:188} INFO - [2025-11-04T00:48:05.924+0000] {dag.py:3823} INFO - Setting next_dagrun for openflights_etl_pipeline to 2025-11-04 00:00:00+00:00, run_after=2025-11-05 00:00:00+00:00
[2025-11-04T00:48:05.930+0000] {processor.py:183} INFO - Processing /opt/airflow/dags/openflights_pipeline_dag.py took 0.040 seconds
[2025-11-04T00:48:36.171+0000] {processor.py:161} INFO - Started process (PID=240) to work on /opt/airflow/dags/openflights_pipeline_dag.py
[2025-11-04T00:48:36.173+0000] {processor.py:830} INFO - Processing file /opt/airflow/dags/openflights_pipeline_dag.py for tasks to queue
[2025-11-04T00:48:36.174+0000] {logging_mixin.py:188} INFO - [2025-11-04T00:48:36.173+0000] {dagbag.py:538} INFO - Filling up the DagBag from /opt/airflow/dags/openflights_pipeline_dag.py
[2025-11-04T00:48:36.186+0000] {processor.py:840} INFO - DAG(s) 'openflights_etl_pipeline' retrieved from /opt/airflow/dags/openflights_pipeline_dag.py
[2025-11-04T00:48:36.237+0000] {logging_mixin.py:188} INFO - [2025-11-04T00:48:36.237+0000] {dag.py:3036} INFO - Sync 1 DAGs
[2025-11-04T00:48:36.244+0000] {logging_mixin.py:188} INFO - [2025-11-04T00:48:36.244+0000] {dag.py:3823} INFO - Setting next_dagrun for openflights_etl_pipeline to 2025-11-04 00:00:00+00:00, run_after=2025-11-05 00:00:00+00:00
[2025-11-04T00:48:36.251+0000] {processor.py:183} INFO - Processing /opt/airflow/dags/openflights_pipeline_dag.py took 0.083 seconds
[2025-11-04T00:49:06.455+0000] {processor.py:161} INFO - Started process (PID=245) to work on /opt/airflow/dags/openflights_pipeline_dag.py
[2025-11-04T00:49:06.455+0000] {processor.py:830} INFO - Processing file /opt/airflow/dags/openflights_pipeline_dag.py for tasks to queue
[2025-11-04T00:49:06.456+0000] {logging_mixin.py:188} INFO - [2025-11-04T00:49:06.456+0000] {dagbag.py:538} INFO - Filling up the DagBag from /opt/airflow/dags/openflights_pipeline_dag.py
[2025-11-04T00:49:06.468+0000] {processor.py:840} INFO - DAG(s) 'openflights_etl_pipeline' retrieved from /opt/airflow/dags/openflights_pipeline_dag.py
[2025-11-04T00:49:06.486+0000] {logging_mixin.py:188} INFO - [2025-11-04T00:49:06.486+0000] {dag.py:3036} INFO - Sync 1 DAGs
[2025-11-04T00:49:06.496+0000] {logging_mixin.py:188} INFO - [2025-11-04T00:49:06.496+0000] {dag.py:3823} INFO - Setting next_dagrun for openflights_etl_pipeline to 2025-11-04 00:00:00+00:00, run_after=2025-11-05 00:00:00+00:00
[2025-11-04T00:49:06.504+0000] {processor.py:183} INFO - Processing /opt/airflow/dags/openflights_pipeline_dag.py took 0.053 seconds
[2025-11-04T00:49:36.750+0000] {processor.py:161} INFO - Started process (PID=287) to work on /opt/airflow/dags/openflights_pipeline_dag.py
[2025-11-04T00:49:36.752+0000] {processor.py:830} INFO - Processing file /opt/airflow/dags/openflights_pipeline_dag.py for tasks to queue
[2025-11-04T00:49:36.753+0000] {logging_mixin.py:188} INFO - [2025-11-04T00:49:36.753+0000] {dagbag.py:538} INFO - Filling up the DagBag from /opt/airflow/dags/openflights_pipeline_dag.py
[2025-11-04T00:49:36.764+0000] {processor.py:840} INFO - DAG(s) 'openflights_etl_pipeline' retrieved from /opt/airflow/dags/openflights_pipeline_dag.py
[2025-11-04T00:49:36.773+0000] {logging_mixin.py:188} INFO - [2025-11-04T00:49:36.773+0000] {dag.py:3036} INFO - Sync 1 DAGs
[2025-11-04T00:49:36.785+0000] {logging_mixin.py:188} INFO - [2025-11-04T00:49:36.785+0000] {dag.py:3823} INFO - Setting next_dagrun for openflights_etl_pipeline to 2025-11-04 00:00:00+00:00, run_after=2025-11-05 00:00:00+00:00
[2025-11-04T00:49:36.794+0000] {processor.py:183} INFO - Processing /opt/airflow/dags/openflights_pipeline_dag.py took 0.047 seconds
[2025-11-04T00:50:07.063+0000] {processor.py:161} INFO - Started process (PID=329) to work on /opt/airflow/dags/openflights_pipeline_dag.py
[2025-11-04T00:50:07.064+0000] {processor.py:830} INFO - Processing file /opt/airflow/dags/openflights_pipeline_dag.py for tasks to queue
[2025-11-04T00:50:07.065+0000] {logging_mixin.py:188} INFO - [2025-11-04T00:50:07.065+0000] {dagbag.py:538} INFO - Filling up the DagBag from /opt/airflow/dags/openflights_pipeline_dag.py
[2025-11-04T00:50:07.075+0000] {processor.py:840} INFO - DAG(s) 'openflights_etl_pipeline' retrieved from /opt/airflow/dags/openflights_pipeline_dag.py
[2025-11-04T00:50:07.086+0000] {logging_mixin.py:188} INFO - [2025-11-04T00:50:07.085+0000] {dag.py:3036} INFO - Sync 1 DAGs
[2025-11-04T00:50:07.098+0000] {logging_mixin.py:188} INFO - [2025-11-04T00:50:07.098+0000] {dag.py:3823} INFO - Setting next_dagrun for openflights_etl_pipeline to 2025-11-04 00:00:00+00:00, run_after=2025-11-05 00:00:00+00:00
[2025-11-04T00:50:07.106+0000] {processor.py:183} INFO - Processing /opt/airflow/dags/openflights_pipeline_dag.py took 0.046 seconds
[2025-11-04T00:50:37.307+0000] {processor.py:161} INFO - Started process (PID=381) to work on /opt/airflow/dags/openflights_pipeline_dag.py
[2025-11-04T00:50:37.308+0000] {processor.py:830} INFO - Processing file /opt/airflow/dags/openflights_pipeline_dag.py for tasks to queue
[2025-11-04T00:50:37.309+0000] {logging_mixin.py:188} INFO - [2025-11-04T00:50:37.309+0000] {dagbag.py:538} INFO - Filling up the DagBag from /opt/airflow/dags/openflights_pipeline_dag.py
[2025-11-04T00:50:37.336+0000] {processor.py:840} INFO - DAG(s) 'openflights_etl_pipeline' retrieved from /opt/airflow/dags/openflights_pipeline_dag.py
[2025-11-04T00:50:37.423+0000] {logging_mixin.py:188} INFO - [2025-11-04T00:50:37.423+0000] {dag.py:3036} INFO - Sync 1 DAGs
[2025-11-04T00:50:37.440+0000] {processor.py:183} INFO - Processing /opt/airflow/dags/openflights_pipeline_dag.py took 0.136 seconds
[2025-11-04T00:51:07.578+0000] {processor.py:161} INFO - Started process (PID=404) to work on /opt/airflow/dags/openflights_pipeline_dag.py
[2025-11-04T00:51:07.580+0000] {processor.py:830} INFO - Processing file /opt/airflow/dags/openflights_pipeline_dag.py for tasks to queue
[2025-11-04T00:51:07.581+0000] {logging_mixin.py:188} INFO - [2025-11-04T00:51:07.580+0000] {dagbag.py:538} INFO - Filling up the DagBag from /opt/airflow/dags/openflights_pipeline_dag.py
[2025-11-04T00:51:07.592+0000] {processor.py:840} INFO - DAG(s) 'openflights_etl_pipeline' retrieved from /opt/airflow/dags/openflights_pipeline_dag.py
[2025-11-04T00:51:07.609+0000] {logging_mixin.py:188} INFO - [2025-11-04T00:51:07.608+0000] {dag.py:3036} INFO - Sync 1 DAGs
[2025-11-04T00:51:07.619+0000] {logging_mixin.py:188} INFO - [2025-11-04T00:51:07.619+0000] {dag.py:3823} INFO - Setting next_dagrun for openflights_etl_pipeline to 2025-11-04 00:00:00+00:00, run_after=2025-11-05 00:00:00+00:00
[2025-11-04T00:51:07.626+0000] {processor.py:183} INFO - Processing /opt/airflow/dags/openflights_pipeline_dag.py took 0.052 seconds
[2025-11-04T00:51:37.922+0000] {processor.py:161} INFO - Started process (PID=409) to work on /opt/airflow/dags/openflights_pipeline_dag.py
[2025-11-04T00:51:37.924+0000] {processor.py:830} INFO - Processing file /opt/airflow/dags/openflights_pipeline_dag.py for tasks to queue
[2025-11-04T00:51:37.925+0000] {logging_mixin.py:188} INFO - [2025-11-04T00:51:37.924+0000] {dagbag.py:538} INFO - Filling up the DagBag from /opt/airflow/dags/openflights_pipeline_dag.py
[2025-11-04T00:51:37.937+0000] {processor.py:840} INFO - DAG(s) 'openflights_etl_pipeline' retrieved from /opt/airflow/dags/openflights_pipeline_dag.py
[2025-11-04T00:51:37.958+0000] {logging_mixin.py:188} INFO - [2025-11-04T00:51:37.957+0000] {dag.py:3036} INFO - Sync 1 DAGs
[2025-11-04T00:51:37.969+0000] {logging_mixin.py:188} INFO - [2025-11-04T00:51:37.969+0000] {dag.py:3823} INFO - Setting next_dagrun for openflights_etl_pipeline to 2025-11-04 00:00:00+00:00, run_after=2025-11-05 00:00:00+00:00
[2025-11-04T00:51:37.976+0000] {processor.py:183} INFO - Processing /opt/airflow/dags/openflights_pipeline_dag.py took 0.059 seconds
[2025-11-04T00:52:08.287+0000] {processor.py:161} INFO - Started process (PID=414) to work on /opt/airflow/dags/openflights_pipeline_dag.py
[2025-11-04T00:52:08.289+0000] {processor.py:830} INFO - Processing file /opt/airflow/dags/openflights_pipeline_dag.py for tasks to queue
[2025-11-04T00:52:08.290+0000] {logging_mixin.py:188} INFO - [2025-11-04T00:52:08.289+0000] {dagbag.py:538} INFO - Filling up the DagBag from /opt/airflow/dags/openflights_pipeline_dag.py
[2025-11-04T00:52:08.300+0000] {processor.py:840} INFO - DAG(s) 'openflights_etl_pipeline' retrieved from /opt/airflow/dags/openflights_pipeline_dag.py
[2025-11-04T00:52:08.319+0000] {logging_mixin.py:188} INFO - [2025-11-04T00:52:08.319+0000] {dag.py:3036} INFO - Sync 1 DAGs
[2025-11-04T00:52:08.330+0000] {logging_mixin.py:188} INFO - [2025-11-04T00:52:08.330+0000] {dag.py:3823} INFO - Setting next_dagrun for openflights_etl_pipeline to 2025-11-04 00:00:00+00:00, run_after=2025-11-05 00:00:00+00:00
[2025-11-04T00:52:08.337+0000] {processor.py:183} INFO - Processing /opt/airflow/dags/openflights_pipeline_dag.py took 0.053 seconds
[2025-11-04T00:52:38.622+0000] {processor.py:161} INFO - Started process (PID=420) to work on /opt/airflow/dags/openflights_pipeline_dag.py
[2025-11-04T00:52:38.623+0000] {processor.py:830} INFO - Processing file /opt/airflow/dags/openflights_pipeline_dag.py for tasks to queue
[2025-11-04T00:52:38.624+0000] {logging_mixin.py:188} INFO - [2025-11-04T00:52:38.624+0000] {dagbag.py:538} INFO - Filling up the DagBag from /opt/airflow/dags/openflights_pipeline_dag.py
[2025-11-04T00:52:38.632+0000] {processor.py:840} INFO - DAG(s) 'openflights_etl_pipeline' retrieved from /opt/airflow/dags/openflights_pipeline_dag.py
[2025-11-04T00:52:38.647+0000] {logging_mixin.py:188} INFO - [2025-11-04T00:52:38.647+0000] {dag.py:3036} INFO - Sync 1 DAGs
[2025-11-04T00:52:38.657+0000] {logging_mixin.py:188} INFO - [2025-11-04T00:52:38.657+0000] {dag.py:3823} INFO - Setting next_dagrun for openflights_etl_pipeline to 2025-11-04 00:00:00+00:00, run_after=2025-11-05 00:00:00+00:00
[2025-11-04T00:52:38.664+0000] {processor.py:183} INFO - Processing /opt/airflow/dags/openflights_pipeline_dag.py took 0.044 seconds
[2025-11-04T00:53:08.937+0000] {processor.py:161} INFO - Started process (PID=425) to work on /opt/airflow/dags/openflights_pipeline_dag.py
[2025-11-04T00:53:08.938+0000] {processor.py:830} INFO - Processing file /opt/airflow/dags/openflights_pipeline_dag.py for tasks to queue
[2025-11-04T00:53:08.939+0000] {logging_mixin.py:188} INFO - [2025-11-04T00:53:08.939+0000] {dagbag.py:538} INFO - Filling up the DagBag from /opt/airflow/dags/openflights_pipeline_dag.py
[2025-11-04T00:53:08.957+0000] {processor.py:840} INFO - DAG(s) 'openflights_etl_pipeline' retrieved from /opt/airflow/dags/openflights_pipeline_dag.py
[2025-11-04T00:53:08.985+0000] {logging_mixin.py:188} INFO - [2025-11-04T00:53:08.984+0000] {dag.py:3036} INFO - Sync 1 DAGs
[2025-11-04T00:53:08.999+0000] {logging_mixin.py:188} INFO - [2025-11-04T00:53:08.999+0000] {dag.py:3823} INFO - Setting next_dagrun for openflights_etl_pipeline to 2025-11-04 00:00:00+00:00, run_after=2025-11-05 00:00:00+00:00
[2025-11-04T00:53:09.014+0000] {processor.py:183} INFO - Processing /opt/airflow/dags/openflights_pipeline_dag.py took 0.082 seconds
[2025-11-04T00:53:39.256+0000] {processor.py:161} INFO - Started process (PID=430) to work on /opt/airflow/dags/openflights_pipeline_dag.py
[2025-11-04T00:53:39.258+0000] {processor.py:830} INFO - Processing file /opt/airflow/dags/openflights_pipeline_dag.py for tasks to queue
[2025-11-04T00:53:39.259+0000] {logging_mixin.py:188} INFO - [2025-11-04T00:53:39.259+0000] {dagbag.py:538} INFO - Filling up the DagBag from /opt/airflow/dags/openflights_pipeline_dag.py
[2025-11-04T00:53:39.272+0000] {processor.py:840} INFO - DAG(s) 'openflights_etl_pipeline' retrieved from /opt/airflow/dags/openflights_pipeline_dag.py
[2025-11-04T00:53:39.291+0000] {logging_mixin.py:188} INFO - [2025-11-04T00:53:39.291+0000] {dag.py:3036} INFO - Sync 1 DAGs
[2025-11-04T00:53:39.302+0000] {logging_mixin.py:188} INFO - [2025-11-04T00:53:39.302+0000] {dag.py:3823} INFO - Setting next_dagrun for openflights_etl_pipeline to 2025-11-04 00:00:00+00:00, run_after=2025-11-05 00:00:00+00:00
[2025-11-04T00:53:39.312+0000] {processor.py:183} INFO - Processing /opt/airflow/dags/openflights_pipeline_dag.py took 0.059 seconds
[2025-11-04T00:54:09.597+0000] {processor.py:161} INFO - Started process (PID=435) to work on /opt/airflow/dags/openflights_pipeline_dag.py
[2025-11-04T00:54:09.598+0000] {processor.py:830} INFO - Processing file /opt/airflow/dags/openflights_pipeline_dag.py for tasks to queue
[2025-11-04T00:54:09.599+0000] {logging_mixin.py:188} INFO - [2025-11-04T00:54:09.598+0000] {dagbag.py:538} INFO - Filling up the DagBag from /opt/airflow/dags/openflights_pipeline_dag.py
[2025-11-04T00:54:09.606+0000] {processor.py:840} INFO - DAG(s) 'openflights_etl_pipeline' retrieved from /opt/airflow/dags/openflights_pipeline_dag.py
[2025-11-04T00:54:09.622+0000] {logging_mixin.py:188} INFO - [2025-11-04T00:54:09.622+0000] {dag.py:3036} INFO - Sync 1 DAGs
[2025-11-04T00:54:09.632+0000] {logging_mixin.py:188} INFO - [2025-11-04T00:54:09.631+0000] {dag.py:3823} INFO - Setting next_dagrun for openflights_etl_pipeline to 2025-11-04 00:00:00+00:00, run_after=2025-11-05 00:00:00+00:00
[2025-11-04T00:54:09.638+0000] {processor.py:183} INFO - Processing /opt/airflow/dags/openflights_pipeline_dag.py took 0.043 seconds
[2025-11-04T00:54:39.908+0000] {processor.py:161} INFO - Started process (PID=440) to work on /opt/airflow/dags/openflights_pipeline_dag.py
[2025-11-04T00:54:39.910+0000] {processor.py:830} INFO - Processing file /opt/airflow/dags/openflights_pipeline_dag.py for tasks to queue
[2025-11-04T00:54:39.910+0000] {logging_mixin.py:188} INFO - [2025-11-04T00:54:39.910+0000] {dagbag.py:538} INFO - Filling up the DagBag from /opt/airflow/dags/openflights_pipeline_dag.py
[2025-11-04T00:54:39.922+0000] {processor.py:840} INFO - DAG(s) 'openflights_etl_pipeline' retrieved from /opt/airflow/dags/openflights_pipeline_dag.py
[2025-11-04T00:54:39.944+0000] {logging_mixin.py:188} INFO - [2025-11-04T00:54:39.943+0000] {dag.py:3036} INFO - Sync 1 DAGs
[2025-11-04T00:54:39.956+0000] {logging_mixin.py:188} INFO - [2025-11-04T00:54:39.956+0000] {dag.py:3823} INFO - Setting next_dagrun for openflights_etl_pipeline to 2025-11-04 00:00:00+00:00, run_after=2025-11-05 00:00:00+00:00
[2025-11-04T00:54:39.965+0000] {processor.py:183} INFO - Processing /opt/airflow/dags/openflights_pipeline_dag.py took 0.059 seconds
[2025-11-04T00:55:10.213+0000] {processor.py:161} INFO - Started process (PID=445) to work on /opt/airflow/dags/openflights_pipeline_dag.py
[2025-11-04T00:55:10.215+0000] {processor.py:830} INFO - Processing file /opt/airflow/dags/openflights_pipeline_dag.py for tasks to queue
[2025-11-04T00:55:10.216+0000] {logging_mixin.py:188} INFO - [2025-11-04T00:55:10.215+0000] {dagbag.py:538} INFO - Filling up the DagBag from /opt/airflow/dags/openflights_pipeline_dag.py
[2025-11-04T00:55:10.229+0000] {processor.py:840} INFO - DAG(s) 'openflights_etl_pipeline' retrieved from /opt/airflow/dags/openflights_pipeline_dag.py
[2025-11-04T00:55:10.249+0000] {logging_mixin.py:188} INFO - [2025-11-04T00:55:10.249+0000] {dag.py:3036} INFO - Sync 1 DAGs
[2025-11-04T00:55:10.263+0000] {logging_mixin.py:188} INFO - [2025-11-04T00:55:10.263+0000] {dag.py:3823} INFO - Setting next_dagrun for openflights_etl_pipeline to 2025-11-04 00:00:00+00:00, run_after=2025-11-05 00:00:00+00:00
[2025-11-04T00:55:10.274+0000] {processor.py:183} INFO - Processing /opt/airflow/dags/openflights_pipeline_dag.py took 0.064 seconds
[2025-11-04T00:55:40.519+0000] {processor.py:161} INFO - Started process (PID=450) to work on /opt/airflow/dags/openflights_pipeline_dag.py
[2025-11-04T00:55:40.521+0000] {processor.py:830} INFO - Processing file /opt/airflow/dags/openflights_pipeline_dag.py for tasks to queue
[2025-11-04T00:55:40.521+0000] {logging_mixin.py:188} INFO - [2025-11-04T00:55:40.521+0000] {dagbag.py:538} INFO - Filling up the DagBag from /opt/airflow/dags/openflights_pipeline_dag.py
[2025-11-04T00:55:40.533+0000] {processor.py:840} INFO - DAG(s) 'openflights_etl_pipeline' retrieved from /opt/airflow/dags/openflights_pipeline_dag.py
[2025-11-04T00:55:40.556+0000] {logging_mixin.py:188} INFO - [2025-11-04T00:55:40.556+0000] {dag.py:3036} INFO - Sync 1 DAGs
[2025-11-04T00:55:40.570+0000] {logging_mixin.py:188} INFO - [2025-11-04T00:55:40.570+0000] {dag.py:3823} INFO - Setting next_dagrun for openflights_etl_pipeline to 2025-11-04 00:00:00+00:00, run_after=2025-11-05 00:00:00+00:00
[2025-11-04T00:55:40.580+0000] {processor.py:183} INFO - Processing /opt/airflow/dags/openflights_pipeline_dag.py took 0.065 seconds
[2025-11-04T00:56:10.842+0000] {processor.py:161} INFO - Started process (PID=455) to work on /opt/airflow/dags/openflights_pipeline_dag.py
[2025-11-04T00:56:10.843+0000] {processor.py:830} INFO - Processing file /opt/airflow/dags/openflights_pipeline_dag.py for tasks to queue
[2025-11-04T00:56:10.843+0000] {logging_mixin.py:188} INFO - [2025-11-04T00:56:10.843+0000] {dagbag.py:538} INFO - Filling up the DagBag from /opt/airflow/dags/openflights_pipeline_dag.py
[2025-11-04T00:56:10.854+0000] {processor.py:840} INFO - DAG(s) 'openflights_etl_pipeline' retrieved from /opt/airflow/dags/openflights_pipeline_dag.py
[2025-11-04T00:56:10.876+0000] {logging_mixin.py:188} INFO - [2025-11-04T00:56:10.876+0000] {dag.py:3036} INFO - Sync 1 DAGs
[2025-11-04T00:56:10.893+0000] {logging_mixin.py:188} INFO - [2025-11-04T00:56:10.892+0000] {dag.py:3823} INFO - Setting next_dagrun for openflights_etl_pipeline to 2025-11-04 00:00:00+00:00, run_after=2025-11-05 00:00:00+00:00
[2025-11-04T00:56:10.904+0000] {processor.py:183} INFO - Processing /opt/airflow/dags/openflights_pipeline_dag.py took 0.065 seconds
[2025-11-04T00:56:41.113+0000] {processor.py:161} INFO - Started process (PID=460) to work on /opt/airflow/dags/openflights_pipeline_dag.py
[2025-11-04T00:56:41.114+0000] {processor.py:830} INFO - Processing file /opt/airflow/dags/openflights_pipeline_dag.py for tasks to queue
[2025-11-04T00:56:41.114+0000] {logging_mixin.py:188} INFO - [2025-11-04T00:56:41.114+0000] {dagbag.py:538} INFO - Filling up the DagBag from /opt/airflow/dags/openflights_pipeline_dag.py
[2025-11-04T00:56:41.129+0000] {processor.py:840} INFO - DAG(s) 'openflights_etl_pipeline' retrieved from /opt/airflow/dags/openflights_pipeline_dag.py
[2025-11-04T00:56:41.148+0000] {logging_mixin.py:188} INFO - [2025-11-04T00:56:41.147+0000] {dag.py:3036} INFO - Sync 1 DAGs
[2025-11-04T00:56:41.159+0000] {logging_mixin.py:188} INFO - [2025-11-04T00:56:41.159+0000] {dag.py:3823} INFO - Setting next_dagrun for openflights_etl_pipeline to 2025-11-04 00:00:00+00:00, run_after=2025-11-05 00:00:00+00:00
[2025-11-04T00:56:41.168+0000] {processor.py:183} INFO - Processing /opt/airflow/dags/openflights_pipeline_dag.py took 0.060 seconds
[2025-11-04T00:57:11.383+0000] {processor.py:161} INFO - Started process (PID=465) to work on /opt/airflow/dags/openflights_pipeline_dag.py
[2025-11-04T00:57:11.383+0000] {processor.py:830} INFO - Processing file /opt/airflow/dags/openflights_pipeline_dag.py for tasks to queue
[2025-11-04T00:57:11.384+0000] {logging_mixin.py:188} INFO - [2025-11-04T00:57:11.384+0000] {dagbag.py:538} INFO - Filling up the DagBag from /opt/airflow/dags/openflights_pipeline_dag.py
[2025-11-04T00:57:11.394+0000] {processor.py:840} INFO - DAG(s) 'openflights_etl_pipeline' retrieved from /opt/airflow/dags/openflights_pipeline_dag.py
[2025-11-04T00:57:11.412+0000] {logging_mixin.py:188} INFO - [2025-11-04T00:57:11.412+0000] {dag.py:3036} INFO - Sync 1 DAGs
[2025-11-04T00:57:11.423+0000] {logging_mixin.py:188} INFO - [2025-11-04T00:57:11.423+0000] {dag.py:3823} INFO - Setting next_dagrun for openflights_etl_pipeline to 2025-11-04 00:00:00+00:00, run_after=2025-11-05 00:00:00+00:00
[2025-11-04T00:57:11.432+0000] {processor.py:183} INFO - Processing /opt/airflow/dags/openflights_pipeline_dag.py took 0.052 seconds
[2025-11-04T00:57:48.028+0000] {processor.py:161} INFO - Started process (PID=216) to work on /opt/airflow/dags/openflights_pipeline_dag.py
[2025-11-04T00:57:48.029+0000] {processor.py:830} INFO - Processing file /opt/airflow/dags/openflights_pipeline_dag.py for tasks to queue
[2025-11-04T00:57:48.029+0000] {logging_mixin.py:188} INFO - [2025-11-04T00:57:48.029+0000] {dagbag.py:538} INFO - Filling up the DagBag from /opt/airflow/dags/openflights_pipeline_dag.py
[2025-11-04T00:57:48.036+0000] {processor.py:840} INFO - DAG(s) 'openflights_etl_pipeline' retrieved from /opt/airflow/dags/openflights_pipeline_dag.py
[2025-11-04T00:57:48.048+0000] {logging_mixin.py:188} INFO - [2025-11-04T00:57:48.047+0000] {dag.py:3036} INFO - Sync 1 DAGs
[2025-11-04T00:57:48.057+0000] {logging_mixin.py:188} INFO - [2025-11-04T00:57:48.057+0000] {dag.py:3823} INFO - Setting next_dagrun for openflights_etl_pipeline to 2025-11-04 00:00:00+00:00, run_after=2025-11-05 00:00:00+00:00
[2025-11-04T00:57:48.064+0000] {processor.py:183} INFO - Processing /opt/airflow/dags/openflights_pipeline_dag.py took 0.038 seconds
[2025-11-04T00:58:18.289+0000] {processor.py:161} INFO - Started process (PID=239) to work on /opt/airflow/dags/openflights_pipeline_dag.py
[2025-11-04T00:58:18.291+0000] {processor.py:830} INFO - Processing file /opt/airflow/dags/openflights_pipeline_dag.py for tasks to queue
[2025-11-04T00:58:18.292+0000] {logging_mixin.py:188} INFO - [2025-11-04T00:58:18.291+0000] {dagbag.py:538} INFO - Filling up the DagBag from /opt/airflow/dags/openflights_pipeline_dag.py
[2025-11-04T00:58:18.303+0000] {processor.py:840} INFO - DAG(s) 'openflights_etl_pipeline' retrieved from /opt/airflow/dags/openflights_pipeline_dag.py
[2025-11-04T00:58:18.353+0000] {logging_mixin.py:188} INFO - [2025-11-04T00:58:18.353+0000] {dag.py:3036} INFO - Sync 1 DAGs
[2025-11-04T00:58:18.361+0000] {logging_mixin.py:188} INFO - [2025-11-04T00:58:18.361+0000] {dag.py:3823} INFO - Setting next_dagrun for openflights_etl_pipeline to 2025-11-04 00:00:00+00:00, run_after=2025-11-05 00:00:00+00:00
[2025-11-04T00:58:18.369+0000] {processor.py:183} INFO - Processing /opt/airflow/dags/openflights_pipeline_dag.py took 0.083 seconds
[2025-11-04T00:58:48.552+0000] {processor.py:161} INFO - Started process (PID=244) to work on /opt/airflow/dags/openflights_pipeline_dag.py
[2025-11-04T00:58:48.553+0000] {processor.py:830} INFO - Processing file /opt/airflow/dags/openflights_pipeline_dag.py for tasks to queue
[2025-11-04T00:58:48.554+0000] {logging_mixin.py:188} INFO - [2025-11-04T00:58:48.553+0000] {dagbag.py:538} INFO - Filling up the DagBag from /opt/airflow/dags/openflights_pipeline_dag.py
[2025-11-04T00:58:48.562+0000] {processor.py:840} INFO - DAG(s) 'openflights_etl_pipeline' retrieved from /opt/airflow/dags/openflights_pipeline_dag.py
[2025-11-04T00:58:48.578+0000] {logging_mixin.py:188} INFO - [2025-11-04T00:58:48.578+0000] {dag.py:3036} INFO - Sync 1 DAGs
[2025-11-04T00:58:48.588+0000] {logging_mixin.py:188} INFO - [2025-11-04T00:58:48.587+0000] {dag.py:3823} INFO - Setting next_dagrun for openflights_etl_pipeline to 2025-11-04 00:00:00+00:00, run_after=2025-11-05 00:00:00+00:00
[2025-11-04T00:58:48.595+0000] {processor.py:183} INFO - Processing /opt/airflow/dags/openflights_pipeline_dag.py took 0.045 seconds
[2025-11-04T00:59:18.797+0000] {processor.py:161} INFO - Started process (PID=292) to work on /opt/airflow/dags/openflights_pipeline_dag.py
[2025-11-04T00:59:18.798+0000] {processor.py:830} INFO - Processing file /opt/airflow/dags/openflights_pipeline_dag.py for tasks to queue
[2025-11-04T00:59:18.799+0000] {logging_mixin.py:188} INFO - [2025-11-04T00:59:18.799+0000] {dagbag.py:538} INFO - Filling up the DagBag from /opt/airflow/dags/openflights_pipeline_dag.py
[2025-11-04T00:59:18.806+0000] {processor.py:840} INFO - DAG(s) 'openflights_etl_pipeline' retrieved from /opt/airflow/dags/openflights_pipeline_dag.py
[2025-11-04T00:59:18.813+0000] {logging_mixin.py:188} INFO - [2025-11-04T00:59:18.812+0000] {dag.py:3036} INFO - Sync 1 DAGs
[2025-11-04T00:59:18.823+0000] {logging_mixin.py:188} INFO - [2025-11-04T00:59:18.822+0000] {dag.py:3823} INFO - Setting next_dagrun for openflights_etl_pipeline to 2025-11-04 00:00:00+00:00, run_after=2025-11-05 00:00:00+00:00
[2025-11-04T00:59:18.830+0000] {processor.py:183} INFO - Processing /opt/airflow/dags/openflights_pipeline_dag.py took 0.034 seconds
[2025-11-04T00:59:49.022+0000] {processor.py:161} INFO - Started process (PID=344) to work on /opt/airflow/dags/openflights_pipeline_dag.py
[2025-11-04T00:59:49.023+0000] {processor.py:830} INFO - Processing file /opt/airflow/dags/openflights_pipeline_dag.py for tasks to queue
[2025-11-04T00:59:49.024+0000] {logging_mixin.py:188} INFO - [2025-11-04T00:59:49.023+0000] {dagbag.py:538} INFO - Filling up the DagBag from /opt/airflow/dags/openflights_pipeline_dag.py
[2025-11-04T00:59:49.033+0000] {processor.py:840} INFO - DAG(s) 'openflights_etl_pipeline' retrieved from /opt/airflow/dags/openflights_pipeline_dag.py
[2025-11-04T00:59:49.087+0000] {logging_mixin.py:188} INFO - [2025-11-04T00:59:49.087+0000] {dag.py:3036} INFO - Sync 1 DAGs
[2025-11-04T00:59:49.104+0000] {processor.py:183} INFO - Processing /opt/airflow/dags/openflights_pipeline_dag.py took 0.085 seconds
[2025-11-04T01:00:19.342+0000] {processor.py:161} INFO - Started process (PID=349) to work on /opt/airflow/dags/openflights_pipeline_dag.py
[2025-11-04T01:00:19.344+0000] {processor.py:830} INFO - Processing file /opt/airflow/dags/openflights_pipeline_dag.py for tasks to queue
[2025-11-04T01:00:19.345+0000] {logging_mixin.py:188} INFO - [2025-11-04T01:00:19.344+0000] {dagbag.py:538} INFO - Filling up the DagBag from /opt/airflow/dags/openflights_pipeline_dag.py
[2025-11-04T01:00:19.357+0000] {processor.py:840} INFO - DAG(s) 'openflights_etl_pipeline' retrieved from /opt/airflow/dags/openflights_pipeline_dag.py
[2025-11-04T01:00:19.379+0000] {logging_mixin.py:188} INFO - [2025-11-04T01:00:19.378+0000] {dag.py:3036} INFO - Sync 1 DAGs
[2025-11-04T01:00:19.401+0000] {processor.py:183} INFO - Processing /opt/airflow/dags/openflights_pipeline_dag.py took 0.064 seconds
[2025-11-04T01:00:49.628+0000] {processor.py:161} INFO - Started process (PID=354) to work on /opt/airflow/dags/openflights_pipeline_dag.py
[2025-11-04T01:00:49.629+0000] {processor.py:830} INFO - Processing file /opt/airflow/dags/openflights_pipeline_dag.py for tasks to queue
[2025-11-04T01:00:49.629+0000] {logging_mixin.py:188} INFO - [2025-11-04T01:00:49.629+0000] {dagbag.py:538} INFO - Filling up the DagBag from /opt/airflow/dags/openflights_pipeline_dag.py
[2025-11-04T01:00:49.636+0000] {processor.py:840} INFO - DAG(s) 'openflights_etl_pipeline' retrieved from /opt/airflow/dags/openflights_pipeline_dag.py
[2025-11-04T01:00:49.651+0000] {logging_mixin.py:188} INFO - [2025-11-04T01:00:49.651+0000] {dag.py:3036} INFO - Sync 1 DAGs
[2025-11-04T01:00:49.666+0000] {processor.py:183} INFO - Processing /opt/airflow/dags/openflights_pipeline_dag.py took 0.040 seconds
[2025-11-04T01:01:19.918+0000] {processor.py:161} INFO - Started process (PID=359) to work on /opt/airflow/dags/openflights_pipeline_dag.py
[2025-11-04T01:01:19.920+0000] {processor.py:830} INFO - Processing file /opt/airflow/dags/openflights_pipeline_dag.py for tasks to queue
[2025-11-04T01:01:19.921+0000] {logging_mixin.py:188} INFO - [2025-11-04T01:01:19.920+0000] {dagbag.py:538} INFO - Filling up the DagBag from /opt/airflow/dags/openflights_pipeline_dag.py
[2025-11-04T01:01:19.929+0000] {processor.py:840} INFO - DAG(s) 'openflights_etl_pipeline' retrieved from /opt/airflow/dags/openflights_pipeline_dag.py
[2025-11-04T01:01:19.946+0000] {logging_mixin.py:188} INFO - [2025-11-04T01:01:19.946+0000] {dag.py:3036} INFO - Sync 1 DAGs
[2025-11-04T01:01:19.963+0000] {processor.py:183} INFO - Processing /opt/airflow/dags/openflights_pipeline_dag.py took 0.047 seconds
[2025-11-04T01:01:50.206+0000] {processor.py:161} INFO - Started process (PID=367) to work on /opt/airflow/dags/openflights_pipeline_dag.py
[2025-11-04T01:01:50.207+0000] {processor.py:830} INFO - Processing file /opt/airflow/dags/openflights_pipeline_dag.py for tasks to queue
[2025-11-04T01:01:50.208+0000] {logging_mixin.py:188} INFO - [2025-11-04T01:01:50.208+0000] {dagbag.py:538} INFO - Filling up the DagBag from /opt/airflow/dags/openflights_pipeline_dag.py
[2025-11-04T01:01:50.220+0000] {processor.py:840} INFO - DAG(s) 'openflights_etl_pipeline' retrieved from /opt/airflow/dags/openflights_pipeline_dag.py
[2025-11-04T01:01:50.237+0000] {logging_mixin.py:188} INFO - [2025-11-04T01:01:50.237+0000] {dag.py:3036} INFO - Sync 1 DAGs
[2025-11-04T01:01:50.248+0000] {logging_mixin.py:188} INFO - [2025-11-04T01:01:50.248+0000] {dag.py:3823} INFO - Setting next_dagrun for openflights_etl_pipeline to 2025-11-04 00:00:00+00:00, run_after=2025-11-05 00:00:00+00:00
[2025-11-04T01:01:50.256+0000] {processor.py:183} INFO - Processing /opt/airflow/dags/openflights_pipeline_dag.py took 0.054 seconds
[2025-11-04T01:02:20.554+0000] {processor.py:161} INFO - Started process (PID=372) to work on /opt/airflow/dags/openflights_pipeline_dag.py
[2025-11-04T01:02:20.555+0000] {processor.py:830} INFO - Processing file /opt/airflow/dags/openflights_pipeline_dag.py for tasks to queue
[2025-11-04T01:02:20.556+0000] {logging_mixin.py:188} INFO - [2025-11-04T01:02:20.555+0000] {dagbag.py:538} INFO - Filling up the DagBag from /opt/airflow/dags/openflights_pipeline_dag.py
[2025-11-04T01:02:20.567+0000] {processor.py:840} INFO - DAG(s) 'openflights_etl_pipeline' retrieved from /opt/airflow/dags/openflights_pipeline_dag.py
[2025-11-04T01:02:20.587+0000] {logging_mixin.py:188} INFO - [2025-11-04T01:02:20.587+0000] {dag.py:3036} INFO - Sync 1 DAGs
[2025-11-04T01:02:20.599+0000] {logging_mixin.py:188} INFO - [2025-11-04T01:02:20.599+0000] {dag.py:3823} INFO - Setting next_dagrun for openflights_etl_pipeline to 2025-11-04 00:00:00+00:00, run_after=2025-11-05 00:00:00+00:00
[2025-11-04T01:02:20.607+0000] {processor.py:183} INFO - Processing /opt/airflow/dags/openflights_pipeline_dag.py took 0.058 seconds
[2025-11-04T01:02:50.879+0000] {processor.py:161} INFO - Started process (PID=377) to work on /opt/airflow/dags/openflights_pipeline_dag.py
[2025-11-04T01:02:50.880+0000] {processor.py:830} INFO - Processing file /opt/airflow/dags/openflights_pipeline_dag.py for tasks to queue
[2025-11-04T01:02:50.880+0000] {logging_mixin.py:188} INFO - [2025-11-04T01:02:50.880+0000] {dagbag.py:538} INFO - Filling up the DagBag from /opt/airflow/dags/openflights_pipeline_dag.py
[2025-11-04T01:02:50.894+0000] {processor.py:840} INFO - DAG(s) 'openflights_etl_pipeline' retrieved from /opt/airflow/dags/openflights_pipeline_dag.py
[2025-11-04T01:02:50.915+0000] {logging_mixin.py:188} INFO - [2025-11-04T01:02:50.915+0000] {dag.py:3036} INFO - Sync 1 DAGs
[2025-11-04T01:02:50.927+0000] {logging_mixin.py:188} INFO - [2025-11-04T01:02:50.927+0000] {dag.py:3823} INFO - Setting next_dagrun for openflights_etl_pipeline to 2025-11-04 00:00:00+00:00, run_after=2025-11-05 00:00:00+00:00
[2025-11-04T01:02:50.940+0000] {processor.py:183} INFO - Processing /opt/airflow/dags/openflights_pipeline_dag.py took 0.065 seconds
[2025-11-04T01:03:21.198+0000] {processor.py:161} INFO - Started process (PID=382) to work on /opt/airflow/dags/openflights_pipeline_dag.py
[2025-11-04T01:03:21.199+0000] {processor.py:830} INFO - Processing file /opt/airflow/dags/openflights_pipeline_dag.py for tasks to queue
[2025-11-04T01:03:21.199+0000] {logging_mixin.py:188} INFO - [2025-11-04T01:03:21.199+0000] {dagbag.py:538} INFO - Filling up the DagBag from /opt/airflow/dags/openflights_pipeline_dag.py
[2025-11-04T01:03:21.206+0000] {processor.py:840} INFO - DAG(s) 'openflights_etl_pipeline' retrieved from /opt/airflow/dags/openflights_pipeline_dag.py
[2025-11-04T01:03:21.219+0000] {logging_mixin.py:188} INFO - [2025-11-04T01:03:21.219+0000] {dag.py:3036} INFO - Sync 1 DAGs
[2025-11-04T01:03:21.229+0000] {logging_mixin.py:188} INFO - [2025-11-04T01:03:21.229+0000] {dag.py:3823} INFO - Setting next_dagrun for openflights_etl_pipeline to 2025-11-04 00:00:00+00:00, run_after=2025-11-05 00:00:00+00:00
[2025-11-04T01:03:21.236+0000] {processor.py:183} INFO - Processing /opt/airflow/dags/openflights_pipeline_dag.py took 0.040 seconds
[2025-11-04T01:03:51.512+0000] {processor.py:161} INFO - Started process (PID=387) to work on /opt/airflow/dags/openflights_pipeline_dag.py
[2025-11-04T01:03:51.514+0000] {processor.py:830} INFO - Processing file /opt/airflow/dags/openflights_pipeline_dag.py for tasks to queue
[2025-11-04T01:03:51.515+0000] {logging_mixin.py:188} INFO - [2025-11-04T01:03:51.515+0000] {dagbag.py:538} INFO - Filling up the DagBag from /opt/airflow/dags/openflights_pipeline_dag.py
[2025-11-04T01:03:51.525+0000] {processor.py:840} INFO - DAG(s) 'openflights_etl_pipeline' retrieved from /opt/airflow/dags/openflights_pipeline_dag.py
[2025-11-04T01:03:51.543+0000] {logging_mixin.py:188} INFO - [2025-11-04T01:03:51.543+0000] {dag.py:3036} INFO - Sync 1 DAGs
[2025-11-04T01:03:51.553+0000] {logging_mixin.py:188} INFO - [2025-11-04T01:03:51.553+0000] {dag.py:3823} INFO - Setting next_dagrun for openflights_etl_pipeline to 2025-11-04 00:00:00+00:00, run_after=2025-11-05 00:00:00+00:00
[2025-11-04T01:03:51.560+0000] {processor.py:183} INFO - Processing /opt/airflow/dags/openflights_pipeline_dag.py took 0.051 seconds
[2025-11-04T01:04:21.847+0000] {processor.py:161} INFO - Started process (PID=392) to work on /opt/airflow/dags/openflights_pipeline_dag.py
[2025-11-04T01:04:21.848+0000] {processor.py:830} INFO - Processing file /opt/airflow/dags/openflights_pipeline_dag.py for tasks to queue
[2025-11-04T01:04:21.849+0000] {logging_mixin.py:188} INFO - [2025-11-04T01:04:21.849+0000] {dagbag.py:538} INFO - Filling up the DagBag from /opt/airflow/dags/openflights_pipeline_dag.py
[2025-11-04T01:04:21.864+0000] {processor.py:840} INFO - DAG(s) 'openflights_etl_pipeline' retrieved from /opt/airflow/dags/openflights_pipeline_dag.py
[2025-11-04T01:04:21.883+0000] {logging_mixin.py:188} INFO - [2025-11-04T01:04:21.883+0000] {dag.py:3036} INFO - Sync 1 DAGs
[2025-11-04T01:04:21.895+0000] {logging_mixin.py:188} INFO - [2025-11-04T01:04:21.895+0000] {dag.py:3823} INFO - Setting next_dagrun for openflights_etl_pipeline to 2025-11-04 00:00:00+00:00, run_after=2025-11-05 00:00:00+00:00
[2025-11-04T01:04:21.902+0000] {processor.py:183} INFO - Processing /opt/airflow/dags/openflights_pipeline_dag.py took 0.059 seconds
[2025-11-04T01:04:52.183+0000] {processor.py:161} INFO - Started process (PID=397) to work on /opt/airflow/dags/openflights_pipeline_dag.py
[2025-11-04T01:04:52.185+0000] {processor.py:830} INFO - Processing file /opt/airflow/dags/openflights_pipeline_dag.py for tasks to queue
[2025-11-04T01:04:52.186+0000] {logging_mixin.py:188} INFO - [2025-11-04T01:04:52.186+0000] {dagbag.py:538} INFO - Filling up the DagBag from /opt/airflow/dags/openflights_pipeline_dag.py
[2025-11-04T01:04:52.199+0000] {processor.py:840} INFO - DAG(s) 'openflights_etl_pipeline' retrieved from /opt/airflow/dags/openflights_pipeline_dag.py
[2025-11-04T01:04:52.218+0000] {logging_mixin.py:188} INFO - [2025-11-04T01:04:52.218+0000] {dag.py:3036} INFO - Sync 1 DAGs
[2025-11-04T01:04:52.230+0000] {logging_mixin.py:188} INFO - [2025-11-04T01:04:52.229+0000] {dag.py:3823} INFO - Setting next_dagrun for openflights_etl_pipeline to 2025-11-04 00:00:00+00:00, run_after=2025-11-05 00:00:00+00:00
[2025-11-04T01:04:52.238+0000] {processor.py:183} INFO - Processing /opt/airflow/dags/openflights_pipeline_dag.py took 0.059 seconds
[2025-11-04T01:05:22.506+0000] {processor.py:161} INFO - Started process (PID=402) to work on /opt/airflow/dags/openflights_pipeline_dag.py
[2025-11-04T01:05:22.508+0000] {processor.py:830} INFO - Processing file /opt/airflow/dags/openflights_pipeline_dag.py for tasks to queue
[2025-11-04T01:05:22.509+0000] {logging_mixin.py:188} INFO - [2025-11-04T01:05:22.509+0000] {dagbag.py:538} INFO - Filling up the DagBag from /opt/airflow/dags/openflights_pipeline_dag.py
[2025-11-04T01:05:22.521+0000] {processor.py:840} INFO - DAG(s) 'openflights_etl_pipeline' retrieved from /opt/airflow/dags/openflights_pipeline_dag.py
[2025-11-04T01:05:22.540+0000] {logging_mixin.py:188} INFO - [2025-11-04T01:05:22.540+0000] {dag.py:3036} INFO - Sync 1 DAGs
[2025-11-04T01:05:22.551+0000] {logging_mixin.py:188} INFO - [2025-11-04T01:05:22.551+0000] {dag.py:3823} INFO - Setting next_dagrun for openflights_etl_pipeline to 2025-11-04 00:00:00+00:00, run_after=2025-11-05 00:00:00+00:00
[2025-11-04T01:05:22.558+0000] {processor.py:183} INFO - Processing /opt/airflow/dags/openflights_pipeline_dag.py took 0.056 seconds
[2025-11-04T01:05:52.814+0000] {processor.py:161} INFO - Started process (PID=407) to work on /opt/airflow/dags/openflights_pipeline_dag.py
[2025-11-04T01:05:52.816+0000] {processor.py:830} INFO - Processing file /opt/airflow/dags/openflights_pipeline_dag.py for tasks to queue
[2025-11-04T01:05:52.817+0000] {logging_mixin.py:188} INFO - [2025-11-04T01:05:52.817+0000] {dagbag.py:538} INFO - Filling up the DagBag from /opt/airflow/dags/openflights_pipeline_dag.py
[2025-11-04T01:05:52.828+0000] {processor.py:840} INFO - DAG(s) 'openflights_etl_pipeline' retrieved from /opt/airflow/dags/openflights_pipeline_dag.py
[2025-11-04T01:05:52.848+0000] {logging_mixin.py:188} INFO - [2025-11-04T01:05:52.848+0000] {dag.py:3036} INFO - Sync 1 DAGs
[2025-11-04T01:05:52.858+0000] {logging_mixin.py:188} INFO - [2025-11-04T01:05:52.858+0000] {dag.py:3823} INFO - Setting next_dagrun for openflights_etl_pipeline to 2025-11-04 00:00:00+00:00, run_after=2025-11-05 00:00:00+00:00
[2025-11-04T01:05:52.864+0000] {processor.py:183} INFO - Processing /opt/airflow/dags/openflights_pipeline_dag.py took 0.053 seconds
[2025-11-04T01:06:23.057+0000] {processor.py:161} INFO - Started process (PID=481) to work on /opt/airflow/dags/openflights_pipeline_dag.py
[2025-11-04T01:06:23.057+0000] {processor.py:830} INFO - Processing file /opt/airflow/dags/openflights_pipeline_dag.py for tasks to queue
[2025-11-04T01:06:23.058+0000] {logging_mixin.py:188} INFO - [2025-11-04T01:06:23.058+0000] {dagbag.py:538} INFO - Filling up the DagBag from /opt/airflow/dags/openflights_pipeline_dag.py
[2025-11-04T01:06:23.064+0000] {processor.py:840} INFO - DAG(s) 'openflights_etl_pipeline' retrieved from /opt/airflow/dags/openflights_pipeline_dag.py
[2025-11-04T01:06:23.081+0000] {logging_mixin.py:188} INFO - [2025-11-04T01:06:23.081+0000] {dag.py:3036} INFO - Sync 1 DAGs
[2025-11-04T01:06:23.096+0000] {processor.py:183} INFO - Processing /opt/airflow/dags/openflights_pipeline_dag.py took 0.041 seconds
[2025-11-04T01:06:53.378+0000] {processor.py:161} INFO - Started process (PID=486) to work on /opt/airflow/dags/openflights_pipeline_dag.py
[2025-11-04T01:06:53.379+0000] {processor.py:830} INFO - Processing file /opt/airflow/dags/openflights_pipeline_dag.py for tasks to queue
[2025-11-04T01:06:53.380+0000] {logging_mixin.py:188} INFO - [2025-11-04T01:06:53.380+0000] {dagbag.py:538} INFO - Filling up the DagBag from /opt/airflow/dags/openflights_pipeline_dag.py
[2025-11-04T01:06:53.391+0000] {processor.py:840} INFO - DAG(s) 'openflights_etl_pipeline' retrieved from /opt/airflow/dags/openflights_pipeline_dag.py
[2025-11-04T01:06:53.411+0000] {logging_mixin.py:188} INFO - [2025-11-04T01:06:53.411+0000] {dag.py:3036} INFO - Sync 1 DAGs
[2025-11-04T01:06:53.430+0000] {processor.py:183} INFO - Processing /opt/airflow/dags/openflights_pipeline_dag.py took 0.055 seconds
[2025-11-04T01:07:23.659+0000] {processor.py:161} INFO - Started process (PID=491) to work on /opt/airflow/dags/openflights_pipeline_dag.py
[2025-11-04T01:07:23.661+0000] {processor.py:830} INFO - Processing file /opt/airflow/dags/openflights_pipeline_dag.py for tasks to queue
[2025-11-04T01:07:23.662+0000] {logging_mixin.py:188} INFO - [2025-11-04T01:07:23.661+0000] {dagbag.py:538} INFO - Filling up the DagBag from /opt/airflow/dags/openflights_pipeline_dag.py
[2025-11-04T01:07:23.674+0000] {processor.py:840} INFO - DAG(s) 'openflights_etl_pipeline' retrieved from /opt/airflow/dags/openflights_pipeline_dag.py
[2025-11-04T01:07:23.692+0000] {logging_mixin.py:188} INFO - [2025-11-04T01:07:23.691+0000] {dag.py:3036} INFO - Sync 1 DAGs
[2025-11-04T01:07:23.711+0000] {processor.py:183} INFO - Processing /opt/airflow/dags/openflights_pipeline_dag.py took 0.056 seconds
[2025-11-04T01:07:54.019+0000] {processor.py:161} INFO - Started process (PID=496) to work on /opt/airflow/dags/openflights_pipeline_dag.py
[2025-11-04T01:07:54.020+0000] {processor.py:830} INFO - Processing file /opt/airflow/dags/openflights_pipeline_dag.py for tasks to queue
[2025-11-04T01:07:54.020+0000] {logging_mixin.py:188} INFO - [2025-11-04T01:07:54.020+0000] {dagbag.py:538} INFO - Filling up the DagBag from /opt/airflow/dags/openflights_pipeline_dag.py
[2025-11-04T01:07:54.032+0000] {processor.py:840} INFO - DAG(s) 'openflights_etl_pipeline' retrieved from /opt/airflow/dags/openflights_pipeline_dag.py
[2025-11-04T01:07:54.057+0000] {logging_mixin.py:188} INFO - [2025-11-04T01:07:54.057+0000] {dag.py:3036} INFO - Sync 1 DAGs
[2025-11-04T01:07:54.088+0000] {processor.py:183} INFO - Processing /opt/airflow/dags/openflights_pipeline_dag.py took 0.073 seconds
[2025-11-04T01:08:24.306+0000] {processor.py:161} INFO - Started process (PID=504) to work on /opt/airflow/dags/openflights_pipeline_dag.py
[2025-11-04T01:08:24.307+0000] {processor.py:830} INFO - Processing file /opt/airflow/dags/openflights_pipeline_dag.py for tasks to queue
[2025-11-04T01:08:24.307+0000] {logging_mixin.py:188} INFO - [2025-11-04T01:08:24.307+0000] {dagbag.py:538} INFO - Filling up the DagBag from /opt/airflow/dags/openflights_pipeline_dag.py
[2025-11-04T01:08:24.315+0000] {processor.py:840} INFO - DAG(s) 'openflights_etl_pipeline' retrieved from /opt/airflow/dags/openflights_pipeline_dag.py
[2025-11-04T01:08:24.326+0000] {logging_mixin.py:188} INFO - [2025-11-04T01:08:24.326+0000] {dag.py:3036} INFO - Sync 1 DAGs
[2025-11-04T01:08:24.339+0000] {processor.py:183} INFO - Processing /opt/airflow/dags/openflights_pipeline_dag.py took 0.037 seconds
[2025-11-04T01:08:54.641+0000] {processor.py:161} INFO - Started process (PID=509) to work on /opt/airflow/dags/openflights_pipeline_dag.py
[2025-11-04T01:08:54.642+0000] {processor.py:830} INFO - Processing file /opt/airflow/dags/openflights_pipeline_dag.py for tasks to queue
[2025-11-04T01:08:54.643+0000] {logging_mixin.py:188} INFO - [2025-11-04T01:08:54.643+0000] {dagbag.py:538} INFO - Filling up the DagBag from /opt/airflow/dags/openflights_pipeline_dag.py
[2025-11-04T01:08:54.658+0000] {processor.py:840} INFO - DAG(s) 'openflights_etl_pipeline' retrieved from /opt/airflow/dags/openflights_pipeline_dag.py
[2025-11-04T01:08:54.676+0000] {logging_mixin.py:188} INFO - [2025-11-04T01:08:54.675+0000] {dag.py:3036} INFO - Sync 1 DAGs
[2025-11-04T01:08:54.687+0000] {logging_mixin.py:188} INFO - [2025-11-04T01:08:54.687+0000] {dag.py:3823} INFO - Setting next_dagrun for openflights_etl_pipeline to 2025-11-04 00:00:00+00:00, run_after=2025-11-05 00:00:00+00:00
[2025-11-04T01:08:54.696+0000] {processor.py:183} INFO - Processing /opt/airflow/dags/openflights_pipeline_dag.py took 0.060 seconds
[2025-11-04T01:09:24.969+0000] {processor.py:161} INFO - Started process (PID=514) to work on /opt/airflow/dags/openflights_pipeline_dag.py
[2025-11-04T01:09:24.970+0000] {processor.py:830} INFO - Processing file /opt/airflow/dags/openflights_pipeline_dag.py for tasks to queue
[2025-11-04T01:09:24.971+0000] {logging_mixin.py:188} INFO - [2025-11-04T01:09:24.970+0000] {dagbag.py:538} INFO - Filling up the DagBag from /opt/airflow/dags/openflights_pipeline_dag.py
[2025-11-04T01:09:24.980+0000] {processor.py:840} INFO - DAG(s) 'openflights_etl_pipeline' retrieved from /opt/airflow/dags/openflights_pipeline_dag.py
[2025-11-04T01:09:24.998+0000] {logging_mixin.py:188} INFO - [2025-11-04T01:09:24.998+0000] {dag.py:3036} INFO - Sync 1 DAGs
[2025-11-04T01:09:25.008+0000] {logging_mixin.py:188} INFO - [2025-11-04T01:09:25.008+0000] {dag.py:3823} INFO - Setting next_dagrun for openflights_etl_pipeline to 2025-11-04 00:00:00+00:00, run_after=2025-11-05 00:00:00+00:00
[2025-11-04T01:09:25.016+0000] {processor.py:183} INFO - Processing /opt/airflow/dags/openflights_pipeline_dag.py took 0.050 seconds
[2025-11-04T01:09:55.262+0000] {processor.py:161} INFO - Started process (PID=519) to work on /opt/airflow/dags/openflights_pipeline_dag.py
[2025-11-04T01:09:55.263+0000] {processor.py:830} INFO - Processing file /opt/airflow/dags/openflights_pipeline_dag.py for tasks to queue
[2025-11-04T01:09:55.264+0000] {logging_mixin.py:188} INFO - [2025-11-04T01:09:55.264+0000] {dagbag.py:538} INFO - Filling up the DagBag from /opt/airflow/dags/openflights_pipeline_dag.py
[2025-11-04T01:09:55.276+0000] {processor.py:840} INFO - DAG(s) 'openflights_etl_pipeline' retrieved from /opt/airflow/dags/openflights_pipeline_dag.py
[2025-11-04T01:09:55.303+0000] {logging_mixin.py:188} INFO - [2025-11-04T01:09:55.303+0000] {dag.py:3036} INFO - Sync 1 DAGs
[2025-11-04T01:09:55.334+0000] {logging_mixin.py:188} INFO - [2025-11-04T01:09:55.334+0000] {dag.py:3823} INFO - Setting next_dagrun for openflights_etl_pipeline to 2025-11-04 00:00:00+00:00, run_after=2025-11-05 00:00:00+00:00
[2025-11-04T01:09:55.362+0000] {processor.py:183} INFO - Processing /opt/airflow/dags/openflights_pipeline_dag.py took 0.103 seconds
[2025-11-04T01:10:25.587+0000] {processor.py:161} INFO - Started process (PID=524) to work on /opt/airflow/dags/openflights_pipeline_dag.py
[2025-11-04T01:10:25.588+0000] {processor.py:830} INFO - Processing file /opt/airflow/dags/openflights_pipeline_dag.py for tasks to queue
[2025-11-04T01:10:25.589+0000] {logging_mixin.py:188} INFO - [2025-11-04T01:10:25.588+0000] {dagbag.py:538} INFO - Filling up the DagBag from /opt/airflow/dags/openflights_pipeline_dag.py
[2025-11-04T01:10:25.601+0000] {processor.py:840} INFO - DAG(s) 'openflights_etl_pipeline' retrieved from /opt/airflow/dags/openflights_pipeline_dag.py
[2025-11-04T01:10:25.624+0000] {logging_mixin.py:188} INFO - [2025-11-04T01:10:25.624+0000] {dag.py:3036} INFO - Sync 1 DAGs
[2025-11-04T01:10:25.639+0000] {logging_mixin.py:188} INFO - [2025-11-04T01:10:25.638+0000] {dag.py:3823} INFO - Setting next_dagrun for openflights_etl_pipeline to 2025-11-04 00:00:00+00:00, run_after=2025-11-05 00:00:00+00:00
[2025-11-04T01:10:25.649+0000] {processor.py:183} INFO - Processing /opt/airflow/dags/openflights_pipeline_dag.py took 0.065 seconds
[2025-11-04T01:10:55.926+0000] {processor.py:161} INFO - Started process (PID=529) to work on /opt/airflow/dags/openflights_pipeline_dag.py
[2025-11-04T01:10:55.928+0000] {processor.py:830} INFO - Processing file /opt/airflow/dags/openflights_pipeline_dag.py for tasks to queue
[2025-11-04T01:10:55.929+0000] {logging_mixin.py:188} INFO - [2025-11-04T01:10:55.928+0000] {dagbag.py:538} INFO - Filling up the DagBag from /opt/airflow/dags/openflights_pipeline_dag.py
[2025-11-04T01:10:55.944+0000] {processor.py:840} INFO - DAG(s) 'openflights_etl_pipeline' retrieved from /opt/airflow/dags/openflights_pipeline_dag.py
[2025-11-04T01:10:55.968+0000] {logging_mixin.py:188} INFO - [2025-11-04T01:10:55.968+0000] {dag.py:3036} INFO - Sync 1 DAGs
[2025-11-04T01:10:55.990+0000] {logging_mixin.py:188} INFO - [2025-11-04T01:10:55.990+0000] {dag.py:3823} INFO - Setting next_dagrun for openflights_etl_pipeline to 2025-11-04 00:00:00+00:00, run_after=2025-11-05 00:00:00+00:00
[2025-11-04T01:10:56.003+0000] {processor.py:183} INFO - Processing /opt/airflow/dags/openflights_pipeline_dag.py took 0.081 seconds
[2025-11-04T01:11:26.207+0000] {processor.py:161} INFO - Started process (PID=534) to work on /opt/airflow/dags/openflights_pipeline_dag.py
[2025-11-04T01:11:26.209+0000] {processor.py:830} INFO - Processing file /opt/airflow/dags/openflights_pipeline_dag.py for tasks to queue
[2025-11-04T01:11:26.210+0000] {logging_mixin.py:188} INFO - [2025-11-04T01:11:26.210+0000] {dagbag.py:538} INFO - Filling up the DagBag from /opt/airflow/dags/openflights_pipeline_dag.py
[2025-11-04T01:11:26.218+0000] {processor.py:840} INFO - DAG(s) 'openflights_etl_pipeline' retrieved from /opt/airflow/dags/openflights_pipeline_dag.py
[2025-11-04T01:11:26.237+0000] {logging_mixin.py:188} INFO - [2025-11-04T01:11:26.237+0000] {dag.py:3036} INFO - Sync 1 DAGs
[2025-11-04T01:11:26.252+0000] {logging_mixin.py:188} INFO - [2025-11-04T01:11:26.251+0000] {dag.py:3823} INFO - Setting next_dagrun for openflights_etl_pipeline to 2025-11-04 00:00:00+00:00, run_after=2025-11-05 00:00:00+00:00
[2025-11-04T01:11:26.260+0000] {processor.py:183} INFO - Processing /opt/airflow/dags/openflights_pipeline_dag.py took 0.056 seconds
[2025-11-04T01:11:56.489+0000] {processor.py:161} INFO - Started process (PID=539) to work on /opt/airflow/dags/openflights_pipeline_dag.py
[2025-11-04T01:11:56.490+0000] {processor.py:830} INFO - Processing file /opt/airflow/dags/openflights_pipeline_dag.py for tasks to queue
[2025-11-04T01:11:56.490+0000] {logging_mixin.py:188} INFO - [2025-11-04T01:11:56.490+0000] {dagbag.py:538} INFO - Filling up the DagBag from /opt/airflow/dags/openflights_pipeline_dag.py
[2025-11-04T01:11:56.497+0000] {processor.py:840} INFO - DAG(s) 'openflights_etl_pipeline' retrieved from /opt/airflow/dags/openflights_pipeline_dag.py
[2025-11-04T01:11:56.512+0000] {logging_mixin.py:188} INFO - [2025-11-04T01:11:56.512+0000] {dag.py:3036} INFO - Sync 1 DAGs
[2025-11-04T01:11:56.525+0000] {logging_mixin.py:188} INFO - [2025-11-04T01:11:56.525+0000] {dag.py:3823} INFO - Setting next_dagrun for openflights_etl_pipeline to 2025-11-04 00:00:00+00:00, run_after=2025-11-05 00:00:00+00:00
[2025-11-04T01:11:56.533+0000] {processor.py:183} INFO - Processing /opt/airflow/dags/openflights_pipeline_dag.py took 0.047 seconds
[2025-11-04T01:12:26.759+0000] {processor.py:161} INFO - Started process (PID=544) to work on /opt/airflow/dags/openflights_pipeline_dag.py
[2025-11-04T01:12:26.761+0000] {processor.py:830} INFO - Processing file /opt/airflow/dags/openflights_pipeline_dag.py for tasks to queue
[2025-11-04T01:12:26.761+0000] {logging_mixin.py:188} INFO - [2025-11-04T01:12:26.761+0000] {dagbag.py:538} INFO - Filling up the DagBag from /opt/airflow/dags/openflights_pipeline_dag.py
[2025-11-04T01:12:26.767+0000] {processor.py:840} INFO - DAG(s) 'openflights_etl_pipeline' retrieved from /opt/airflow/dags/openflights_pipeline_dag.py
[2025-11-04T01:12:26.786+0000] {logging_mixin.py:188} INFO - [2025-11-04T01:12:26.786+0000] {dag.py:3036} INFO - Sync 1 DAGs
[2025-11-04T01:12:26.796+0000] {logging_mixin.py:188} INFO - [2025-11-04T01:12:26.796+0000] {dag.py:3823} INFO - Setting next_dagrun for openflights_etl_pipeline to 2025-11-04 00:00:00+00:00, run_after=2025-11-05 00:00:00+00:00
[2025-11-04T01:12:26.804+0000] {processor.py:183} INFO - Processing /opt/airflow/dags/openflights_pipeline_dag.py took 0.048 seconds
[2025-11-04T01:12:57.045+0000] {processor.py:161} INFO - Started process (PID=549) to work on /opt/airflow/dags/openflights_pipeline_dag.py
[2025-11-04T01:12:57.046+0000] {processor.py:830} INFO - Processing file /opt/airflow/dags/openflights_pipeline_dag.py for tasks to queue
[2025-11-04T01:12:57.047+0000] {logging_mixin.py:188} INFO - [2025-11-04T01:12:57.047+0000] {dagbag.py:538} INFO - Filling up the DagBag from /opt/airflow/dags/openflights_pipeline_dag.py
[2025-11-04T01:12:57.056+0000] {processor.py:840} INFO - DAG(s) 'openflights_etl_pipeline' retrieved from /opt/airflow/dags/openflights_pipeline_dag.py
[2025-11-04T01:12:57.072+0000] {logging_mixin.py:188} INFO - [2025-11-04T01:12:57.072+0000] {dag.py:3036} INFO - Sync 1 DAGs
[2025-11-04T01:12:57.082+0000] {logging_mixin.py:188} INFO - [2025-11-04T01:12:57.082+0000] {dag.py:3823} INFO - Setting next_dagrun for openflights_etl_pipeline to 2025-11-04 00:00:00+00:00, run_after=2025-11-05 00:00:00+00:00
[2025-11-04T01:12:57.091+0000] {processor.py:183} INFO - Processing /opt/airflow/dags/openflights_pipeline_dag.py took 0.048 seconds
[2025-11-04T01:13:27.323+0000] {processor.py:161} INFO - Started process (PID=554) to work on /opt/airflow/dags/openflights_pipeline_dag.py
[2025-11-04T01:13:27.325+0000] {processor.py:830} INFO - Processing file /opt/airflow/dags/openflights_pipeline_dag.py for tasks to queue
[2025-11-04T01:13:27.327+0000] {logging_mixin.py:188} INFO - [2025-11-04T01:13:27.326+0000] {dagbag.py:538} INFO - Filling up the DagBag from /opt/airflow/dags/openflights_pipeline_dag.py
[2025-11-04T01:13:27.337+0000] {processor.py:840} INFO - DAG(s) 'openflights_etl_pipeline' retrieved from /opt/airflow/dags/openflights_pipeline_dag.py
[2025-11-04T01:13:27.354+0000] {logging_mixin.py:188} INFO - [2025-11-04T01:13:27.354+0000] {dag.py:3036} INFO - Sync 1 DAGs
[2025-11-04T01:13:27.366+0000] {logging_mixin.py:188} INFO - [2025-11-04T01:13:27.366+0000] {dag.py:3823} INFO - Setting next_dagrun for openflights_etl_pipeline to 2025-11-04 00:00:00+00:00, run_after=2025-11-05 00:00:00+00:00
[2025-11-04T01:13:27.374+0000] {processor.py:183} INFO - Processing /opt/airflow/dags/openflights_pipeline_dag.py took 0.054 seconds
[2025-11-04T01:13:57.581+0000] {processor.py:161} INFO - Started process (PID=559) to work on /opt/airflow/dags/openflights_pipeline_dag.py
[2025-11-04T01:13:57.583+0000] {processor.py:830} INFO - Processing file /opt/airflow/dags/openflights_pipeline_dag.py for tasks to queue
[2025-11-04T01:13:57.583+0000] {logging_mixin.py:188} INFO - [2025-11-04T01:13:57.583+0000] {dagbag.py:538} INFO - Filling up the DagBag from /opt/airflow/dags/openflights_pipeline_dag.py
[2025-11-04T01:13:57.594+0000] {processor.py:840} INFO - DAG(s) 'openflights_etl_pipeline' retrieved from /opt/airflow/dags/openflights_pipeline_dag.py
[2025-11-04T01:13:57.610+0000] {logging_mixin.py:188} INFO - [2025-11-04T01:13:57.610+0000] {dag.py:3036} INFO - Sync 1 DAGs
[2025-11-04T01:13:57.619+0000] {logging_mixin.py:188} INFO - [2025-11-04T01:13:57.619+0000] {dag.py:3823} INFO - Setting next_dagrun for openflights_etl_pipeline to 2025-11-04 00:00:00+00:00, run_after=2025-11-05 00:00:00+00:00
[2025-11-04T01:13:57.626+0000] {processor.py:183} INFO - Processing /opt/airflow/dags/openflights_pipeline_dag.py took 0.047 seconds
[2025-11-04T01:14:27.879+0000] {processor.py:161} INFO - Started process (PID=564) to work on /opt/airflow/dags/openflights_pipeline_dag.py
[2025-11-04T01:14:27.880+0000] {processor.py:830} INFO - Processing file /opt/airflow/dags/openflights_pipeline_dag.py for tasks to queue
[2025-11-04T01:14:27.881+0000] {logging_mixin.py:188} INFO - [2025-11-04T01:14:27.881+0000] {dagbag.py:538} INFO - Filling up the DagBag from /opt/airflow/dags/openflights_pipeline_dag.py
[2025-11-04T01:14:27.892+0000] {processor.py:840} INFO - DAG(s) 'openflights_etl_pipeline' retrieved from /opt/airflow/dags/openflights_pipeline_dag.py
[2025-11-04T01:14:27.914+0000] {logging_mixin.py:188} INFO - [2025-11-04T01:14:27.914+0000] {dag.py:3036} INFO - Sync 1 DAGs
[2025-11-04T01:14:27.930+0000] {logging_mixin.py:188} INFO - [2025-11-04T01:14:27.930+0000] {dag.py:3823} INFO - Setting next_dagrun for openflights_etl_pipeline to 2025-11-04 00:00:00+00:00, run_after=2025-11-05 00:00:00+00:00
[2025-11-04T01:14:27.939+0000] {processor.py:183} INFO - Processing /opt/airflow/dags/openflights_pipeline_dag.py took 0.064 seconds
[2025-11-04T01:14:58.153+0000] {processor.py:161} INFO - Started process (PID=569) to work on /opt/airflow/dags/openflights_pipeline_dag.py
[2025-11-04T01:14:58.155+0000] {processor.py:830} INFO - Processing file /opt/airflow/dags/openflights_pipeline_dag.py for tasks to queue
[2025-11-04T01:14:58.157+0000] {logging_mixin.py:188} INFO - [2025-11-04T01:14:58.156+0000] {dagbag.py:538} INFO - Filling up the DagBag from /opt/airflow/dags/openflights_pipeline_dag.py
[2025-11-04T01:14:58.186+0000] {processor.py:840} INFO - DAG(s) 'openflights_etl_pipeline' retrieved from /opt/airflow/dags/openflights_pipeline_dag.py
[2025-11-04T01:14:58.211+0000] {logging_mixin.py:188} INFO - [2025-11-04T01:14:58.211+0000] {dag.py:3036} INFO - Sync 1 DAGs
[2025-11-04T01:14:58.229+0000] {logging_mixin.py:188} INFO - [2025-11-04T01:14:58.229+0000] {dag.py:3823} INFO - Setting next_dagrun for openflights_etl_pipeline to 2025-11-04 00:00:00+00:00, run_after=2025-11-05 00:00:00+00:00
[2025-11-04T01:14:58.238+0000] {processor.py:183} INFO - Processing /opt/airflow/dags/openflights_pipeline_dag.py took 0.088 seconds
[2025-11-04T01:15:28.420+0000] {processor.py:161} INFO - Started process (PID=574) to work on /opt/airflow/dags/openflights_pipeline_dag.py
[2025-11-04T01:15:28.421+0000] {processor.py:830} INFO - Processing file /opt/airflow/dags/openflights_pipeline_dag.py for tasks to queue
[2025-11-04T01:15:28.422+0000] {logging_mixin.py:188} INFO - [2025-11-04T01:15:28.421+0000] {dagbag.py:538} INFO - Filling up the DagBag from /opt/airflow/dags/openflights_pipeline_dag.py
[2025-11-04T01:15:28.429+0000] {processor.py:840} INFO - DAG(s) 'openflights_etl_pipeline' retrieved from /opt/airflow/dags/openflights_pipeline_dag.py
[2025-11-04T01:15:28.444+0000] {logging_mixin.py:188} INFO - [2025-11-04T01:15:28.444+0000] {dag.py:3036} INFO - Sync 1 DAGs
[2025-11-04T01:15:28.454+0000] {logging_mixin.py:188} INFO - [2025-11-04T01:15:28.454+0000] {dag.py:3823} INFO - Setting next_dagrun for openflights_etl_pipeline to 2025-11-04 00:00:00+00:00, run_after=2025-11-05 00:00:00+00:00
[2025-11-04T01:15:28.461+0000] {processor.py:183} INFO - Processing /opt/airflow/dags/openflights_pipeline_dag.py took 0.043 seconds
[2025-11-04T01:15:58.735+0000] {processor.py:161} INFO - Started process (PID=579) to work on /opt/airflow/dags/openflights_pipeline_dag.py
[2025-11-04T01:15:58.737+0000] {processor.py:830} INFO - Processing file /opt/airflow/dags/openflights_pipeline_dag.py for tasks to queue
[2025-11-04T01:15:58.739+0000] {logging_mixin.py:188} INFO - [2025-11-04T01:15:58.738+0000] {dagbag.py:538} INFO - Filling up the DagBag from /opt/airflow/dags/openflights_pipeline_dag.py
[2025-11-04T01:15:58.752+0000] {processor.py:840} INFO - DAG(s) 'openflights_etl_pipeline' retrieved from /opt/airflow/dags/openflights_pipeline_dag.py
[2025-11-04T01:15:58.771+0000] {logging_mixin.py:188} INFO - [2025-11-04T01:15:58.771+0000] {dag.py:3036} INFO - Sync 1 DAGs
[2025-11-04T01:15:58.783+0000] {logging_mixin.py:188} INFO - [2025-11-04T01:15:58.782+0000] {dag.py:3823} INFO - Setting next_dagrun for openflights_etl_pipeline to 2025-11-04 00:00:00+00:00, run_after=2025-11-05 00:00:00+00:00
[2025-11-04T01:15:58.790+0000] {processor.py:183} INFO - Processing /opt/airflow/dags/openflights_pipeline_dag.py took 0.058 seconds
[2025-11-04T01:16:29.055+0000] {processor.py:161} INFO - Started process (PID=584) to work on /opt/airflow/dags/openflights_pipeline_dag.py
[2025-11-04T01:16:29.056+0000] {processor.py:830} INFO - Processing file /opt/airflow/dags/openflights_pipeline_dag.py for tasks to queue
[2025-11-04T01:16:29.057+0000] {logging_mixin.py:188} INFO - [2025-11-04T01:16:29.057+0000] {dagbag.py:538} INFO - Filling up the DagBag from /opt/airflow/dags/openflights_pipeline_dag.py
[2025-11-04T01:16:29.067+0000] {processor.py:840} INFO - DAG(s) 'openflights_etl_pipeline' retrieved from /opt/airflow/dags/openflights_pipeline_dag.py
[2025-11-04T01:16:29.085+0000] {logging_mixin.py:188} INFO - [2025-11-04T01:16:29.084+0000] {dag.py:3036} INFO - Sync 1 DAGs
[2025-11-04T01:16:29.095+0000] {logging_mixin.py:188} INFO - [2025-11-04T01:16:29.095+0000] {dag.py:3823} INFO - Setting next_dagrun for openflights_etl_pipeline to 2025-11-04 00:00:00+00:00, run_after=2025-11-05 00:00:00+00:00
[2025-11-04T01:16:29.102+0000] {processor.py:183} INFO - Processing /opt/airflow/dags/openflights_pipeline_dag.py took 0.050 seconds
[2025-11-04T01:16:59.382+0000] {processor.py:161} INFO - Started process (PID=589) to work on /opt/airflow/dags/openflights_pipeline_dag.py
[2025-11-04T01:16:59.383+0000] {processor.py:830} INFO - Processing file /opt/airflow/dags/openflights_pipeline_dag.py for tasks to queue
[2025-11-04T01:16:59.384+0000] {logging_mixin.py:188} INFO - [2025-11-04T01:16:59.383+0000] {dagbag.py:538} INFO - Filling up the DagBag from /opt/airflow/dags/openflights_pipeline_dag.py
[2025-11-04T01:16:59.393+0000] {processor.py:840} INFO - DAG(s) 'openflights_etl_pipeline' retrieved from /opt/airflow/dags/openflights_pipeline_dag.py
[2025-11-04T01:16:59.411+0000] {logging_mixin.py:188} INFO - [2025-11-04T01:16:59.411+0000] {dag.py:3036} INFO - Sync 1 DAGs
[2025-11-04T01:16:59.421+0000] {logging_mixin.py:188} INFO - [2025-11-04T01:16:59.421+0000] {dag.py:3823} INFO - Setting next_dagrun for openflights_etl_pipeline to 2025-11-04 00:00:00+00:00, run_after=2025-11-05 00:00:00+00:00
[2025-11-04T01:16:59.429+0000] {processor.py:183} INFO - Processing /opt/airflow/dags/openflights_pipeline_dag.py took 0.050 seconds
[2025-11-04T01:17:17.568+0000] {processor.py:161} INFO - Started process (PID=216) to work on /opt/airflow/dags/openflights_pipeline_dag.py
[2025-11-04T01:17:17.569+0000] {processor.py:830} INFO - Processing file /opt/airflow/dags/openflights_pipeline_dag.py for tasks to queue
[2025-11-04T01:17:17.570+0000] {logging_mixin.py:188} INFO - [2025-11-04T01:17:17.570+0000] {dagbag.py:538} INFO - Filling up the DagBag from /opt/airflow/dags/openflights_pipeline_dag.py
[2025-11-04T01:17:17.576+0000] {processor.py:840} INFO - DAG(s) 'openflights_etl_pipeline' retrieved from /opt/airflow/dags/openflights_pipeline_dag.py
[2025-11-04T01:17:17.588+0000] {logging_mixin.py:188} INFO - [2025-11-04T01:17:17.588+0000] {dag.py:3036} INFO - Sync 1 DAGs
[2025-11-04T01:17:17.599+0000] {logging_mixin.py:188} INFO - [2025-11-04T01:17:17.599+0000] {dag.py:3823} INFO - Setting next_dagrun for openflights_etl_pipeline to 2025-11-04 00:00:00+00:00, run_after=2025-11-05 00:00:00+00:00
[2025-11-04T01:17:17.606+0000] {processor.py:183} INFO - Processing /opt/airflow/dags/openflights_pipeline_dag.py took 0.039 seconds
[2025-11-04T01:17:47.844+0000] {processor.py:161} INFO - Started process (PID=240) to work on /opt/airflow/dags/openflights_pipeline_dag.py
[2025-11-04T01:17:47.844+0000] {processor.py:830} INFO - Processing file /opt/airflow/dags/openflights_pipeline_dag.py for tasks to queue
[2025-11-04T01:17:47.845+0000] {logging_mixin.py:188} INFO - [2025-11-04T01:17:47.845+0000] {dagbag.py:538} INFO - Filling up the DagBag from /opt/airflow/dags/openflights_pipeline_dag.py
[2025-11-04T01:17:47.854+0000] {processor.py:840} INFO - DAG(s) 'openflights_etl_pipeline' retrieved from /opt/airflow/dags/openflights_pipeline_dag.py
[2025-11-04T01:17:47.905+0000] {logging_mixin.py:188} INFO - [2025-11-04T01:17:47.905+0000] {dag.py:3036} INFO - Sync 1 DAGs
[2025-11-04T01:17:47.913+0000] {logging_mixin.py:188} INFO - [2025-11-04T01:17:47.913+0000] {dag.py:3823} INFO - Setting next_dagrun for openflights_etl_pipeline to 2025-11-04 00:00:00+00:00, run_after=2025-11-05 00:00:00+00:00
[2025-11-04T01:17:47.920+0000] {processor.py:183} INFO - Processing /opt/airflow/dags/openflights_pipeline_dag.py took 0.080 seconds
[2025-11-04T01:18:18.140+0000] {processor.py:161} INFO - Started process (PID=245) to work on /opt/airflow/dags/openflights_pipeline_dag.py
[2025-11-04T01:18:18.142+0000] {processor.py:830} INFO - Processing file /opt/airflow/dags/openflights_pipeline_dag.py for tasks to queue
[2025-11-04T01:18:18.142+0000] {logging_mixin.py:188} INFO - [2025-11-04T01:18:18.142+0000] {dagbag.py:538} INFO - Filling up the DagBag from /opt/airflow/dags/openflights_pipeline_dag.py
[2025-11-04T01:18:18.155+0000] {processor.py:840} INFO - DAG(s) 'openflights_etl_pipeline' retrieved from /opt/airflow/dags/openflights_pipeline_dag.py
[2025-11-04T01:18:18.172+0000] {logging_mixin.py:188} INFO - [2025-11-04T01:18:18.172+0000] {dag.py:3036} INFO - Sync 1 DAGs
[2025-11-04T01:18:18.184+0000] {logging_mixin.py:188} INFO - [2025-11-04T01:18:18.184+0000] {dag.py:3823} INFO - Setting next_dagrun for openflights_etl_pipeline to 2025-11-04 00:00:00+00:00, run_after=2025-11-05 00:00:00+00:00
[2025-11-04T01:18:18.193+0000] {processor.py:183} INFO - Processing /opt/airflow/dags/openflights_pipeline_dag.py took 0.057 seconds
[2025-11-04T01:18:48.361+0000] {processor.py:161} INFO - Started process (PID=351) to work on /opt/airflow/dags/openflights_pipeline_dag.py
[2025-11-04T01:18:48.362+0000] {processor.py:830} INFO - Processing file /opt/airflow/dags/openflights_pipeline_dag.py for tasks to queue
[2025-11-04T01:18:48.362+0000] {logging_mixin.py:188} INFO - [2025-11-04T01:18:48.362+0000] {dagbag.py:538} INFO - Filling up the DagBag from /opt/airflow/dags/openflights_pipeline_dag.py
[2025-11-04T01:18:48.370+0000] {processor.py:840} INFO - DAG(s) 'openflights_etl_pipeline' retrieved from /opt/airflow/dags/openflights_pipeline_dag.py
[2025-11-04T01:18:48.377+0000] {logging_mixin.py:188} INFO - [2025-11-04T01:18:48.377+0000] {dag.py:3036} INFO - Sync 1 DAGs
[2025-11-04T01:18:48.394+0000] {processor.py:183} INFO - Processing /opt/airflow/dags/openflights_pipeline_dag.py took 0.037 seconds
[2025-11-04T01:19:18.706+0000] {processor.py:161} INFO - Started process (PID=358) to work on /opt/airflow/dags/openflights_pipeline_dag.py
[2025-11-04T01:19:18.707+0000] {processor.py:830} INFO - Processing file /opt/airflow/dags/openflights_pipeline_dag.py for tasks to queue
[2025-11-04T01:19:18.708+0000] {logging_mixin.py:188} INFO - [2025-11-04T01:19:18.707+0000] {dagbag.py:538} INFO - Filling up the DagBag from /opt/airflow/dags/openflights_pipeline_dag.py
[2025-11-04T01:19:18.718+0000] {processor.py:840} INFO - DAG(s) 'openflights_etl_pipeline' retrieved from /opt/airflow/dags/openflights_pipeline_dag.py
[2025-11-04T01:19:18.770+0000] {logging_mixin.py:188} INFO - [2025-11-04T01:19:18.770+0000] {dag.py:3036} INFO - Sync 1 DAGs
[2025-11-04T01:19:18.778+0000] {logging_mixin.py:188} INFO - [2025-11-04T01:19:18.778+0000] {dag.py:3823} INFO - Setting next_dagrun for openflights_etl_pipeline to 2025-11-04 00:00:00+00:00, run_after=2025-11-05 00:00:00+00:00
[2025-11-04T01:19:18.786+0000] {processor.py:183} INFO - Processing /opt/airflow/dags/openflights_pipeline_dag.py took 0.083 seconds
[2025-11-04T01:19:49.058+0000] {processor.py:161} INFO - Started process (PID=363) to work on /opt/airflow/dags/openflights_pipeline_dag.py
[2025-11-04T01:19:49.058+0000] {processor.py:830} INFO - Processing file /opt/airflow/dags/openflights_pipeline_dag.py for tasks to queue
[2025-11-04T01:19:49.059+0000] {logging_mixin.py:188} INFO - [2025-11-04T01:19:49.059+0000] {dagbag.py:538} INFO - Filling up the DagBag from /opt/airflow/dags/openflights_pipeline_dag.py
[2025-11-04T01:19:49.069+0000] {processor.py:840} INFO - DAG(s) 'openflights_etl_pipeline' retrieved from /opt/airflow/dags/openflights_pipeline_dag.py
[2025-11-04T01:19:49.086+0000] {logging_mixin.py:188} INFO - [2025-11-04T01:19:49.086+0000] {dag.py:3036} INFO - Sync 1 DAGs
[2025-11-04T01:19:49.096+0000] {logging_mixin.py:188} INFO - [2025-11-04T01:19:49.096+0000] {dag.py:3823} INFO - Setting next_dagrun for openflights_etl_pipeline to 2025-11-04 00:00:00+00:00, run_after=2025-11-05 00:00:00+00:00
[2025-11-04T01:19:49.104+0000] {processor.py:183} INFO - Processing /opt/airflow/dags/openflights_pipeline_dag.py took 0.049 seconds
[2025-11-04T01:20:19.332+0000] {processor.py:161} INFO - Started process (PID=368) to work on /opt/airflow/dags/openflights_pipeline_dag.py
[2025-11-04T01:20:19.333+0000] {processor.py:830} INFO - Processing file /opt/airflow/dags/openflights_pipeline_dag.py for tasks to queue
[2025-11-04T01:20:19.334+0000] {logging_mixin.py:188} INFO - [2025-11-04T01:20:19.334+0000] {dagbag.py:538} INFO - Filling up the DagBag from /opt/airflow/dags/openflights_pipeline_dag.py
[2025-11-04T01:20:19.344+0000] {processor.py:840} INFO - DAG(s) 'openflights_etl_pipeline' retrieved from /opt/airflow/dags/openflights_pipeline_dag.py
[2025-11-04T01:20:19.362+0000] {logging_mixin.py:188} INFO - [2025-11-04T01:20:19.362+0000] {dag.py:3036} INFO - Sync 1 DAGs
[2025-11-04T01:20:19.372+0000] {logging_mixin.py:188} INFO - [2025-11-04T01:20:19.372+0000] {dag.py:3823} INFO - Setting next_dagrun for openflights_etl_pipeline to 2025-11-04 00:00:00+00:00, run_after=2025-11-05 00:00:00+00:00
[2025-11-04T01:20:19.379+0000] {processor.py:183} INFO - Processing /opt/airflow/dags/openflights_pipeline_dag.py took 0.050 seconds
[2025-11-04T01:20:49.708+0000] {processor.py:161} INFO - Started process (PID=373) to work on /opt/airflow/dags/openflights_pipeline_dag.py
[2025-11-04T01:20:49.710+0000] {processor.py:830} INFO - Processing file /opt/airflow/dags/openflights_pipeline_dag.py for tasks to queue
[2025-11-04T01:20:49.711+0000] {logging_mixin.py:188} INFO - [2025-11-04T01:20:49.710+0000] {dagbag.py:538} INFO - Filling up the DagBag from /opt/airflow/dags/openflights_pipeline_dag.py
[2025-11-04T01:20:49.722+0000] {processor.py:840} INFO - DAG(s) 'openflights_etl_pipeline' retrieved from /opt/airflow/dags/openflights_pipeline_dag.py
[2025-11-04T01:20:49.740+0000] {logging_mixin.py:188} INFO - [2025-11-04T01:20:49.740+0000] {dag.py:3036} INFO - Sync 1 DAGs
[2025-11-04T01:20:49.751+0000] {logging_mixin.py:188} INFO - [2025-11-04T01:20:49.751+0000] {dag.py:3823} INFO - Setting next_dagrun for openflights_etl_pipeline to 2025-11-04 00:00:00+00:00, run_after=2025-11-05 00:00:00+00:00
[2025-11-04T01:20:49.758+0000] {processor.py:183} INFO - Processing /opt/airflow/dags/openflights_pipeline_dag.py took 0.054 seconds
[2025-11-04T01:21:19.996+0000] {processor.py:161} INFO - Started process (PID=405) to work on /opt/airflow/dags/openflights_pipeline_dag.py
[2025-11-04T01:21:19.996+0000] {processor.py:830} INFO - Processing file /opt/airflow/dags/openflights_pipeline_dag.py for tasks to queue
[2025-11-04T01:21:19.997+0000] {logging_mixin.py:188} INFO - [2025-11-04T01:21:19.997+0000] {dagbag.py:538} INFO - Filling up the DagBag from /opt/airflow/dags/openflights_pipeline_dag.py
[2025-11-04T01:21:20.007+0000] {processor.py:840} INFO - DAG(s) 'openflights_etl_pipeline' retrieved from /opt/airflow/dags/openflights_pipeline_dag.py
[2025-11-04T01:21:20.024+0000] {logging_mixin.py:188} INFO - [2025-11-04T01:21:20.024+0000] {dag.py:3036} INFO - Sync 1 DAGs
[2025-11-04T01:21:20.043+0000] {processor.py:183} INFO - Processing /opt/airflow/dags/openflights_pipeline_dag.py took 0.051 seconds
[2025-11-04T01:21:50.298+0000] {processor.py:161} INFO - Started process (PID=410) to work on /opt/airflow/dags/openflights_pipeline_dag.py
[2025-11-04T01:21:50.298+0000] {processor.py:830} INFO - Processing file /opt/airflow/dags/openflights_pipeline_dag.py for tasks to queue
[2025-11-04T01:21:50.298+0000] {logging_mixin.py:188} INFO - [2025-11-04T01:21:50.298+0000] {dagbag.py:538} INFO - Filling up the DagBag from /opt/airflow/dags/openflights_pipeline_dag.py
[2025-11-04T01:21:50.305+0000] {processor.py:840} INFO - DAG(s) 'openflights_etl_pipeline' retrieved from /opt/airflow/dags/openflights_pipeline_dag.py
[2025-11-04T01:21:50.320+0000] {logging_mixin.py:188} INFO - [2025-11-04T01:21:50.320+0000] {dag.py:3036} INFO - Sync 1 DAGs
[2025-11-04T01:21:50.330+0000] {logging_mixin.py:188} INFO - [2025-11-04T01:21:50.330+0000] {dag.py:3823} INFO - Setting next_dagrun for openflights_etl_pipeline to 2025-11-04 00:00:00+00:00, run_after=2025-11-05 00:00:00+00:00
[2025-11-04T01:21:50.336+0000] {processor.py:183} INFO - Processing /opt/airflow/dags/openflights_pipeline_dag.py took 0.041 seconds
[2025-11-04T01:22:20.620+0000] {processor.py:161} INFO - Started process (PID=415) to work on /opt/airflow/dags/openflights_pipeline_dag.py
[2025-11-04T01:22:20.620+0000] {processor.py:830} INFO - Processing file /opt/airflow/dags/openflights_pipeline_dag.py for tasks to queue
[2025-11-04T01:22:20.621+0000] {logging_mixin.py:188} INFO - [2025-11-04T01:22:20.620+0000] {dagbag.py:538} INFO - Filling up the DagBag from /opt/airflow/dags/openflights_pipeline_dag.py
[2025-11-04T01:22:20.631+0000] {processor.py:840} INFO - DAG(s) 'openflights_etl_pipeline' retrieved from /opt/airflow/dags/openflights_pipeline_dag.py
[2025-11-04T01:22:20.649+0000] {logging_mixin.py:188} INFO - [2025-11-04T01:22:20.649+0000] {dag.py:3036} INFO - Sync 1 DAGs
[2025-11-04T01:22:20.660+0000] {logging_mixin.py:188} INFO - [2025-11-04T01:22:20.660+0000] {dag.py:3823} INFO - Setting next_dagrun for openflights_etl_pipeline to 2025-11-04 00:00:00+00:00, run_after=2025-11-05 00:00:00+00:00
[2025-11-04T01:22:20.668+0000] {processor.py:183} INFO - Processing /opt/airflow/dags/openflights_pipeline_dag.py took 0.052 seconds
[2025-11-04T01:22:50.927+0000] {processor.py:161} INFO - Started process (PID=420) to work on /opt/airflow/dags/openflights_pipeline_dag.py
[2025-11-04T01:22:50.929+0000] {processor.py:830} INFO - Processing file /opt/airflow/dags/openflights_pipeline_dag.py for tasks to queue
[2025-11-04T01:22:50.929+0000] {logging_mixin.py:188} INFO - [2025-11-04T01:22:50.929+0000] {dagbag.py:538} INFO - Filling up the DagBag from /opt/airflow/dags/openflights_pipeline_dag.py
[2025-11-04T01:22:50.946+0000] {processor.py:840} INFO - DAG(s) 'openflights_etl_pipeline' retrieved from /opt/airflow/dags/openflights_pipeline_dag.py
[2025-11-04T01:22:50.984+0000] {logging_mixin.py:188} INFO - [2025-11-04T01:22:50.984+0000] {dag.py:3036} INFO - Sync 1 DAGs
[2025-11-04T01:22:51.001+0000] {logging_mixin.py:188} INFO - [2025-11-04T01:22:51.001+0000] {dag.py:3823} INFO - Setting next_dagrun for openflights_etl_pipeline to 2025-11-04 00:00:00+00:00, run_after=2025-11-05 00:00:00+00:00
[2025-11-04T01:22:51.011+0000] {processor.py:183} INFO - Processing /opt/airflow/dags/openflights_pipeline_dag.py took 0.089 seconds
[2025-11-04T01:23:21.246+0000] {processor.py:161} INFO - Started process (PID=425) to work on /opt/airflow/dags/openflights_pipeline_dag.py
[2025-11-04T01:23:21.247+0000] {processor.py:830} INFO - Processing file /opt/airflow/dags/openflights_pipeline_dag.py for tasks to queue
[2025-11-04T01:23:21.248+0000] {logging_mixin.py:188} INFO - [2025-11-04T01:23:21.248+0000] {dagbag.py:538} INFO - Filling up the DagBag from /opt/airflow/dags/openflights_pipeline_dag.py
[2025-11-04T01:23:21.259+0000] {processor.py:840} INFO - DAG(s) 'openflights_etl_pipeline' retrieved from /opt/airflow/dags/openflights_pipeline_dag.py
[2025-11-04T01:23:21.278+0000] {logging_mixin.py:188} INFO - [2025-11-04T01:23:21.278+0000] {dag.py:3036} INFO - Sync 1 DAGs
[2025-11-04T01:23:21.290+0000] {logging_mixin.py:188} INFO - [2025-11-04T01:23:21.290+0000] {dag.py:3823} INFO - Setting next_dagrun for openflights_etl_pipeline to 2025-11-04 00:00:00+00:00, run_after=2025-11-05 00:00:00+00:00
[2025-11-04T01:23:21.298+0000] {processor.py:183} INFO - Processing /opt/airflow/dags/openflights_pipeline_dag.py took 0.056 seconds
[2025-11-04T01:23:51.628+0000] {processor.py:161} INFO - Started process (PID=430) to work on /opt/airflow/dags/openflights_pipeline_dag.py
[2025-11-04T01:23:51.629+0000] {processor.py:830} INFO - Processing file /opt/airflow/dags/openflights_pipeline_dag.py for tasks to queue
[2025-11-04T01:23:51.630+0000] {logging_mixin.py:188} INFO - [2025-11-04T01:23:51.629+0000] {dagbag.py:538} INFO - Filling up the DagBag from /opt/airflow/dags/openflights_pipeline_dag.py
[2025-11-04T01:23:51.639+0000] {processor.py:840} INFO - DAG(s) 'openflights_etl_pipeline' retrieved from /opt/airflow/dags/openflights_pipeline_dag.py
[2025-11-04T01:23:51.657+0000] {logging_mixin.py:188} INFO - [2025-11-04T01:23:51.657+0000] {dag.py:3036} INFO - Sync 1 DAGs
[2025-11-04T01:23:51.667+0000] {logging_mixin.py:188} INFO - [2025-11-04T01:23:51.667+0000] {dag.py:3823} INFO - Setting next_dagrun for openflights_etl_pipeline to 2025-11-04 00:00:00+00:00, run_after=2025-11-05 00:00:00+00:00
[2025-11-04T01:23:51.675+0000] {processor.py:183} INFO - Processing /opt/airflow/dags/openflights_pipeline_dag.py took 0.050 seconds
[2025-11-04T01:24:21.926+0000] {processor.py:161} INFO - Started process (PID=435) to work on /opt/airflow/dags/openflights_pipeline_dag.py
[2025-11-04T01:24:21.926+0000] {processor.py:830} INFO - Processing file /opt/airflow/dags/openflights_pipeline_dag.py for tasks to queue
[2025-11-04T01:24:21.927+0000] {logging_mixin.py:188} INFO - [2025-11-04T01:24:21.927+0000] {dagbag.py:538} INFO - Filling up the DagBag from /opt/airflow/dags/openflights_pipeline_dag.py
[2025-11-04T01:24:21.935+0000] {processor.py:840} INFO - DAG(s) 'openflights_etl_pipeline' retrieved from /opt/airflow/dags/openflights_pipeline_dag.py
[2025-11-04T01:24:21.951+0000] {logging_mixin.py:188} INFO - [2025-11-04T01:24:21.951+0000] {dag.py:3036} INFO - Sync 1 DAGs
[2025-11-04T01:24:21.961+0000] {logging_mixin.py:188} INFO - [2025-11-04T01:24:21.961+0000] {dag.py:3823} INFO - Setting next_dagrun for openflights_etl_pipeline to 2025-11-04 00:00:00+00:00, run_after=2025-11-05 00:00:00+00:00
[2025-11-04T01:24:21.969+0000] {processor.py:183} INFO - Processing /opt/airflow/dags/openflights_pipeline_dag.py took 0.045 seconds
