[2025-11-04T01:21:19.539+0000] {taskinstance.py:1956} INFO - Dependencies all met for dep_context=non-requeueable deps ti=<TaskInstance: openflights_etl_pipeline.cleanup_task manual__2025-11-04T01:21:02.128899+00:00 [queued]>
[2025-11-04T01:21:19.541+0000] {taskinstance.py:1956} INFO - Dependencies all met for dep_context=requeueable deps ti=<TaskInstance: openflights_etl_pipeline.cleanup_task manual__2025-11-04T01:21:02.128899+00:00 [queued]>
[2025-11-04T01:21:19.541+0000] {taskinstance.py:2170} INFO - Starting attempt 1 of 3
[2025-11-04T01:21:19.545+0000] {taskinstance.py:2191} INFO - Executing <Task(PythonOperator): cleanup_task> on 2025-11-04 01:21:02.128899+00:00
[2025-11-04T01:21:19.547+0000] {standard_task_runner.py:60} INFO - Started process 404 to run task
[2025-11-04T01:21:19.549+0000] {standard_task_runner.py:87} INFO - Running: ['***', 'tasks', 'run', 'openflights_etl_pipeline', 'cleanup_task', 'manual__2025-11-04T01:21:02.128899+00:00', '--job-id', '33', '--raw', '--subdir', 'DAGS_FOLDER/openflights_pipeline_dag.py', '--cfg-path', '/tmp/tmpbhjf23w_']
[2025-11-04T01:21:19.549+0000] {standard_task_runner.py:88} INFO - Job 33: Subtask cleanup_task
[2025-11-04T01:21:19.567+0000] {task_command.py:423} INFO - Running <TaskInstance: openflights_etl_pipeline.cleanup_task manual__2025-11-04T01:21:02.128899+00:00 [running]> on host 4913d2343cee
[2025-11-04T01:21:19.597+0000] {taskinstance.py:2480} INFO - Exporting env vars: AIRFLOW_CTX_DAG_OWNER='student' AIRFLOW_CTX_DAG_ID='openflights_etl_pipeline' AIRFLOW_CTX_TASK_ID='cleanup_task' AIRFLOW_CTX_EXECUTION_DATE='2025-11-04T01:21:02.128899+00:00' AIRFLOW_CTX_TRY_NUMBER='1' AIRFLOW_CTX_DAG_RUN_ID='manual__2025-11-04T01:21:02.128899+00:00'
[2025-11-04T01:21:19.597+0000] {logging_mixin.py:188} INFO - 
================================================================================
[2025-11-04T01:21:19.597+0000] {logging_mixin.py:188} INFO - TASK: CLEANUP
[2025-11-04T01:21:19.597+0000] {logging_mixin.py:188} INFO - ================================================================================
[2025-11-04T01:21:19.597+0000] {logging_mixin.py:188} INFO - Cleaning up intermediate files in /opt/***/data/processed
[2025-11-04T01:21:19.597+0000] {logging_mixin.py:188} INFO -   Removed: routes_processed.csv
[2025-11-04T01:21:19.597+0000] {logging_mixin.py:188} INFO -   Removed: airports_processed.csv
[2025-11-04T01:21:19.597+0000] {logging_mixin.py:188} INFO - ✅ Cleanup completed - removed 2 files
[2025-11-04T01:21:19.597+0000] {python.py:201} INFO - Done. Returned value was: None
[2025-11-04T01:21:19.601+0000] {taskinstance.py:1138} INFO - Marking task as SUCCESS. dag_id=openflights_etl_pipeline, task_id=cleanup_task, execution_date=20251104T012102, start_date=20251104T012119, end_date=20251104T012119
[2025-11-04T01:21:19.607+0000] {local_task_job_runner.py:234} INFO - Task exited with return code 0
[2025-11-04T01:21:19.613+0000] {taskinstance.py:3280} INFO - 0 downstream tasks scheduled from follow-on schedule check
