[2025-11-04T01:18:32.280+0000] {taskinstance.py:1956} INFO - Dependencies all met for dep_context=non-requeueable deps ti=<TaskInstance: openflights_etl_pipeline.download_task manual__2025-11-04T01:18:31+00:00 [queued]>
[2025-11-04T01:18:32.282+0000] {taskinstance.py:1956} INFO - Dependencies all met for dep_context=requeueable deps ti=<TaskInstance: openflights_etl_pipeline.download_task manual__2025-11-04T01:18:31+00:00 [queued]>
[2025-11-04T01:18:32.282+0000] {taskinstance.py:2170} INFO - Starting attempt 1 of 3
[2025-11-04T01:18:32.287+0000] {taskinstance.py:2191} INFO - Executing <Task(PythonOperator): download_task> on 2025-11-04 01:18:31+00:00
[2025-11-04T01:18:32.288+0000] {standard_task_runner.py:60} INFO - Started process 324 to run task
[2025-11-04T01:18:32.290+0000] {standard_task_runner.py:87} INFO - Running: ['***', 'tasks', 'run', 'openflights_etl_pipeline', 'download_task', 'manual__2025-11-04T01:18:31+00:00', '--job-id', '22', '--raw', '--subdir', 'DAGS_FOLDER/openflights_pipeline_dag.py', '--cfg-path', '/tmp/tmplfym4_ny']
[2025-11-04T01:18:32.291+0000] {standard_task_runner.py:88} INFO - Job 22: Subtask download_task
[2025-11-04T01:18:32.310+0000] {task_command.py:423} INFO - Running <TaskInstance: openflights_etl_pipeline.download_task manual__2025-11-04T01:18:31+00:00 [running]> on host 4913d2343cee
[2025-11-04T01:18:32.340+0000] {taskinstance.py:2480} INFO - Exporting env vars: AIRFLOW_CTX_DAG_OWNER='student' AIRFLOW_CTX_DAG_ID='openflights_etl_pipeline' AIRFLOW_CTX_TASK_ID='download_task' AIRFLOW_CTX_EXECUTION_DATE='2025-11-04T01:18:31+00:00' AIRFLOW_CTX_TRY_NUMBER='1' AIRFLOW_CTX_DAG_RUN_ID='manual__2025-11-04T01:18:31+00:00'
[2025-11-04T01:18:32.341+0000] {logging_mixin.py:188} INFO - 
================================================================================
[2025-11-04T01:18:32.341+0000] {logging_mixin.py:188} INFO - TASK: DOWNLOAD
[2025-11-04T01:18:32.341+0000] {logging_mixin.py:188} INFO - ================================================================================
[2025-11-04T01:18:32.342+0000] {logging_mixin.py:188} INFO - ================================================================================
[2025-11-04T01:18:32.343+0000] {logging_mixin.py:188} INFO - 📥 DOWNLOADING OPENFLIGHTS DATA
[2025-11-04T01:18:32.343+0000] {logging_mixin.py:188} INFO - ================================================================================
[2025-11-04T01:18:32.343+0000] {logging_mixin.py:188} INFO - 
📥 Downloading airports from https://raw.githubusercontent.com/jpatokal/openflights/master/data/airports.dat
[2025-11-04T01:18:32.717+0000] {logging_mixin.py:188} INFO -   ✅ Downloaded 1,126,331 bytes
[2025-11-04T01:18:32.717+0000] {logging_mixin.py:188} INFO -   ✅ Verified file on disk: 1,127,225 bytes
[2025-11-04T01:18:32.726+0000] {logging_mixin.py:188} INFO -   ✅ File contains 7,698 lines
[2025-11-04T01:18:32.726+0000] {logging_mixin.py:188} INFO - 
📥 Downloading routes from https://raw.githubusercontent.com/jpatokal/openflights/master/data/routes.dat
[2025-11-04T01:18:32.949+0000] {logging_mixin.py:188} INFO -   ✅ Downloaded 2,377,148 bytes
[2025-11-04T01:18:32.949+0000] {logging_mixin.py:188} INFO -   ✅ Verified file on disk: 2,377,148 bytes
[2025-11-04T01:18:32.961+0000] {logging_mixin.py:188} INFO -   ✅ File contains 67,663 lines
[2025-11-04T01:18:32.961+0000] {logging_mixin.py:188} INFO - 
🔍 FINAL VALIDATION
[2025-11-04T01:18:32.961+0000] {logging_mixin.py:188} INFO - --------------------------------------------------------------------------------
[2025-11-04T01:18:32.961+0000] {logging_mixin.py:188} INFO -   ✅ Airports file: /opt/***/data/airports.dat
[2025-11-04T01:18:32.961+0000] {logging_mixin.py:188} INFO -      Size: 1,127,225 bytes
[2025-11-04T01:18:32.961+0000] {logging_mixin.py:188} INFO -   ✅ Routes file: /opt/***/data/routes.dat
[2025-11-04T01:18:32.961+0000] {logging_mixin.py:188} INFO -      Size: 2,377,148 bytes
[2025-11-04T01:18:32.961+0000] {logging_mixin.py:188} INFO - 
✅ DOWNLOAD SUCCESSFUL!
[2025-11-04T01:18:32.961+0000] {logging_mixin.py:188} INFO - ================================================================================
[2025-11-04T01:18:32.962+0000] {logging_mixin.py:188} INFO - ✅ Downloaded datasets: {'airports': '/opt/***/data/airports.dat', 'routes': '/opt/***/data/routes.dat'}
[2025-11-04T01:18:32.962+0000] {python.py:201} INFO - Done. Returned value was: {'airports': '/opt/***/data/airports.dat', 'routes': '/opt/***/data/routes.dat'}
[2025-11-04T01:18:32.977+0000] {taskinstance.py:1138} INFO - Marking task as SUCCESS. dag_id=openflights_etl_pipeline, task_id=download_task, execution_date=20251104T011831, start_date=20251104T011832, end_date=20251104T011832
[2025-11-04T01:18:32.995+0000] {local_task_job_runner.py:234} INFO - Task exited with return code 0
[2025-11-04T01:18:33.008+0000] {taskinstance.py:3280} INFO - 2 downstream tasks scheduled from follow-on schedule check
