[2025-11-04T00:48:05.867+0000] {manager.py:469} INFO - Processing files using up to 2 processes at a time 
[2025-11-04T00:48:05.867+0000] {manager.py:470} INFO - Process each file at most once every 30 seconds
[2025-11-04T00:48:05.867+0000] {manager.py:471} INFO - Checking for new files in /opt/airflow/dags every 300 seconds
[2025-11-04T00:48:05.867+0000] {manager.py:738} INFO - Searching for files in /opt/airflow/dags
[2025-11-04T00:48:05.868+0000] {manager.py:741} INFO - There are 1 files in /opt/airflow/dags
[2025-11-04T00:48:05.905+0000] {manager.py:879} INFO - 
================================================================================
DAG File Processing Stats

File Path                                        PID  Runtime      # DAGs    # Errors  Last Runtime    Last Run
---------------------------------------------  -----  ---------  --------  ----------  --------------  ----------
/opt/airflow/dags/openflights_pipeline_dag.py    218  0.02s             0           0
================================================================================
[2025-11-04T00:48:36.163+0000] {manager.py:879} INFO - 
================================================================================
DAG File Processing Stats

File Path                                        PID  Runtime      # DAGs    # Errors  Last Runtime    Last Run
---------------------------------------------  -----  ---------  --------  ----------  --------------  -------------------
/opt/airflow/dags/openflights_pipeline_dag.py    240  0.01s             1           0  0.05s           2025-11-04T00:48:05
================================================================================
[2025-11-04T00:49:06.447+0000] {manager.py:879} INFO - 
================================================================================
DAG File Processing Stats

File Path                                        PID  Runtime      # DAGs    # Errors  Last Runtime    Last Run
---------------------------------------------  -----  ---------  --------  ----------  --------------  -------------------
/opt/airflow/dags/openflights_pipeline_dag.py    245  0.01s             1           0  0.10s           2025-11-04T00:48:36
================================================================================
[2025-11-04T00:49:36.742+0000] {manager.py:879} INFO - 
================================================================================
DAG File Processing Stats

File Path                                        PID  Runtime      # DAGs    # Errors  Last Runtime    Last Run
---------------------------------------------  -----  ---------  --------  ----------  --------------  -------------------
/opt/airflow/dags/openflights_pipeline_dag.py    287  0.01s             1           0  0.07s           2025-11-04T00:49:06
================================================================================
[2025-11-04T00:50:07.054+0000] {manager.py:879} INFO - 
================================================================================
DAG File Processing Stats

File Path                                        PID  Runtime      # DAGs    # Errors  Last Runtime    Last Run
---------------------------------------------  -----  ---------  --------  ----------  --------------  -------------------
/opt/airflow/dags/openflights_pipeline_dag.py    329  0.01s             1           0  0.06s           2025-11-04T00:49:36
================================================================================
[2025-11-04T00:50:37.301+0000] {manager.py:879} INFO - 
================================================================================
DAG File Processing Stats

File Path                                        PID  Runtime      # DAGs    # Errors  Last Runtime    Last Run
---------------------------------------------  -----  ---------  --------  ----------  --------------  -------------------
/opt/airflow/dags/openflights_pipeline_dag.py    381  0.01s             1           0  0.06s           2025-11-04T00:50:07
================================================================================
[2025-11-04T00:51:07.570+0000] {manager.py:879} INFO - 
================================================================================
DAG File Processing Stats

File Path                                        PID  Runtime      # DAGs    # Errors  Last Runtime    Last Run
---------------------------------------------  -----  ---------  --------  ----------  --------------  -------------------
/opt/airflow/dags/openflights_pipeline_dag.py    404  0.00s             1           0  0.15s           2025-11-04T00:50:37
================================================================================
[2025-11-04T00:51:37.913+0000] {manager.py:879} INFO - 
================================================================================
DAG File Processing Stats

File Path                                        PID  Runtime      # DAGs    # Errors  Last Runtime    Last Run
---------------------------------------------  -----  ---------  --------  ----------  --------------  -------------------
/opt/airflow/dags/openflights_pipeline_dag.py    409  0.01s             1           0  0.06s           2025-11-04T00:51:07
================================================================================
[2025-11-04T00:52:08.280+0000] {manager.py:879} INFO - 
================================================================================
DAG File Processing Stats

File Path                                        PID  Runtime      # DAGs    # Errors  Last Runtime    Last Run
---------------------------------------------  -----  ---------  --------  ----------  --------------  -------------------
/opt/airflow/dags/openflights_pipeline_dag.py    414  0.01s             1           0  0.08s           2025-11-04T00:51:37
================================================================================
[2025-11-04T00:52:38.617+0000] {manager.py:879} INFO - 
================================================================================
DAG File Processing Stats

File Path                                        PID  Runtime      # DAGs    # Errors  Last Runtime    Last Run
---------------------------------------------  -----  ---------  --------  ----------  --------------  -------------------
/opt/airflow/dags/openflights_pipeline_dag.py    420  0.00s             1           0  0.07s           2025-11-04T00:52:08
================================================================================
[2025-11-04T00:53:05.869+0000] {manager.py:738} INFO - Searching for files in /opt/airflow/dags
[2025-11-04T00:53:05.870+0000] {manager.py:741} INFO - There are 1 files in /opt/airflow/dags
[2025-11-04T00:53:08.927+0000] {manager.py:879} INFO - 
================================================================================
DAG File Processing Stats

File Path                                        PID  Runtime      # DAGs    # Errors  Last Runtime    Last Run
---------------------------------------------  -----  ---------  --------  ----------  --------------  -------------------
/opt/airflow/dags/openflights_pipeline_dag.py    425  0.01s             1           0  0.05s           2025-11-04T00:52:38
================================================================================
[2025-11-04T00:53:39.248+0000] {manager.py:879} INFO - 
================================================================================
DAG File Processing Stats

File Path                                        PID  Runtime      # DAGs    # Errors  Last Runtime    Last Run
---------------------------------------------  -----  ---------  --------  ----------  --------------  -------------------
/opt/airflow/dags/openflights_pipeline_dag.py    430  0.01s             1           0  0.10s           2025-11-04T00:53:09
================================================================================
[2025-11-04T00:54:09.592+0000] {manager.py:879} INFO - 
================================================================================
DAG File Processing Stats

File Path                                        PID  Runtime      # DAGs    # Errors  Last Runtime    Last Run
---------------------------------------------  -----  ---------  --------  ----------  --------------  -------------------
/opt/airflow/dags/openflights_pipeline_dag.py    435  0.00s             1           0  0.07s           2025-11-04T00:53:39
================================================================================
[2025-11-04T00:54:39.902+0000] {manager.py:879} INFO - 
================================================================================
DAG File Processing Stats

File Path                                        PID  Runtime      # DAGs    # Errors  Last Runtime    Last Run
---------------------------------------------  -----  ---------  --------  ----------  --------------  -------------------
/opt/airflow/dags/openflights_pipeline_dag.py    440  0.01s             1           0  0.05s           2025-11-04T00:54:09
================================================================================
[2025-11-04T00:55:10.207+0000] {manager.py:879} INFO - 
================================================================================
DAG File Processing Stats

File Path                                        PID  Runtime      # DAGs    # Errors  Last Runtime    Last Run
---------------------------------------------  -----  ---------  --------  ----------  --------------  -------------------
/opt/airflow/dags/openflights_pipeline_dag.py    445  0.01s             1           0  0.08s           2025-11-04T00:54:39
================================================================================
[2025-11-04T00:55:40.510+0000] {manager.py:879} INFO - 
================================================================================
DAG File Processing Stats

File Path                                        PID  Runtime      # DAGs    # Errors  Last Runtime    Last Run
---------------------------------------------  -----  ---------  --------  ----------  --------------  -------------------
/opt/airflow/dags/openflights_pipeline_dag.py    450  0.01s             1           0  0.08s           2025-11-04T00:55:10
================================================================================
[2025-11-04T00:56:10.834+0000] {manager.py:879} INFO - 
================================================================================
DAG File Processing Stats

File Path                                        PID  Runtime      # DAGs    # Errors  Last Runtime    Last Run
---------------------------------------------  -----  ---------  --------  ----------  --------------  -------------------
/opt/airflow/dags/openflights_pipeline_dag.py    455  0.01s             1           0  0.08s           2025-11-04T00:55:40
================================================================================
[2025-11-04T00:56:41.103+0000] {manager.py:879} INFO - 
================================================================================
DAG File Processing Stats

File Path                                        PID  Runtime      # DAGs    # Errors  Last Runtime    Last Run
---------------------------------------------  -----  ---------  --------  ----------  --------------  -------------------
/opt/airflow/dags/openflights_pipeline_dag.py    460  0.00s             1           0  0.08s           2025-11-04T00:56:10
================================================================================
[2025-11-04T00:57:11.376+0000] {manager.py:879} INFO - 
================================================================================
DAG File Processing Stats

File Path                                        PID  Runtime      # DAGs    # Errors  Last Runtime    Last Run
---------------------------------------------  -----  ---------  --------  ----------  --------------  -------------------
/opt/airflow/dags/openflights_pipeline_dag.py    465  0.01s             1           0  0.07s           2025-11-04T00:56:41
================================================================================
[2025-11-04T00:57:48.002+0000] {manager.py:469} INFO - Processing files using up to 2 processes at a time 
[2025-11-04T00:57:48.003+0000] {manager.py:470} INFO - Process each file at most once every 30 seconds
[2025-11-04T00:57:48.003+0000] {manager.py:471} INFO - Checking for new files in /opt/airflow/dags every 300 seconds
[2025-11-04T00:57:48.003+0000] {manager.py:738} INFO - Searching for files in /opt/airflow/dags
[2025-11-04T00:57:48.004+0000] {manager.py:741} INFO - There are 1 files in /opt/airflow/dags
[2025-11-04T00:57:48.037+0000] {manager.py:879} INFO - 
================================================================================
DAG File Processing Stats

File Path                                        PID  Runtime      # DAGs    # Errors  Last Runtime    Last Run
---------------------------------------------  -----  ---------  --------  ----------  --------------  ----------
/opt/airflow/dags/openflights_pipeline_dag.py    216  0.02s             0           0
================================================================================
[2025-11-04T00:58:18.282+0000] {manager.py:879} INFO - 
================================================================================
DAG File Processing Stats

File Path                                        PID  Runtime      # DAGs    # Errors  Last Runtime    Last Run
---------------------------------------------  -----  ---------  --------  ----------  --------------  -------------------
/opt/airflow/dags/openflights_pipeline_dag.py    239  0.01s             1           0  0.05s           2025-11-04T00:57:48
================================================================================
[2025-11-04T00:58:48.547+0000] {manager.py:879} INFO - 
================================================================================
DAG File Processing Stats

File Path                                        PID  Runtime      # DAGs    # Errors  Last Runtime    Last Run
---------------------------------------------  -----  ---------  --------  ----------  --------------  -------------------
/opt/airflow/dags/openflights_pipeline_dag.py    244  0.00s             1           0  0.10s           2025-11-04T00:58:18
================================================================================
[2025-11-04T00:59:18.793+0000] {manager.py:879} INFO - 
================================================================================
DAG File Processing Stats

File Path                                        PID  Runtime      # DAGs    # Errors  Last Runtime    Last Run
---------------------------------------------  -----  ---------  --------  ----------  --------------  -------------------
/opt/airflow/dags/openflights_pipeline_dag.py    292  0.00s             1           0  0.06s           2025-11-04T00:58:48
================================================================================
[2025-11-04T00:59:49.013+0000] {manager.py:879} INFO - 
================================================================================
DAG File Processing Stats

File Path                                        PID  Runtime      # DAGs    # Errors  Last Runtime    Last Run
---------------------------------------------  -----  ---------  --------  ----------  --------------  -------------------
/opt/airflow/dags/openflights_pipeline_dag.py    344  0.00s             1           0  0.04s           2025-11-04T00:59:18
================================================================================
[2025-11-04T01:00:19.333+0000] {manager.py:879} INFO - 
================================================================================
DAG File Processing Stats

File Path                                        PID  Runtime      # DAGs    # Errors  Last Runtime    Last Run
---------------------------------------------  -----  ---------  --------  ----------  --------------  -------------------
/opt/airflow/dags/openflights_pipeline_dag.py    349  0.01s             1           0  0.10s           2025-11-04T00:59:49
================================================================================
[2025-11-04T01:00:49.623+0000] {manager.py:879} INFO - 
================================================================================
DAG File Processing Stats

File Path                                        PID  Runtime      # DAGs    # Errors  Last Runtime    Last Run
---------------------------------------------  -----  ---------  --------  ----------  --------------  -------------------
/opt/airflow/dags/openflights_pipeline_dag.py    354  0.00s             1           0  0.08s           2025-11-04T01:00:19
================================================================================
[2025-11-04T01:01:19.912+0000] {manager.py:879} INFO - 
================================================================================
DAG File Processing Stats

File Path                                        PID  Runtime      # DAGs    # Errors  Last Runtime    Last Run
---------------------------------------------  -----  ---------  --------  ----------  --------------  -------------------
/opt/airflow/dags/openflights_pipeline_dag.py    359  0.00s             1           0  0.05s           2025-11-04T01:00:49
================================================================================
[2025-11-04T01:01:50.197+0000] {manager.py:879} INFO - 
================================================================================
DAG File Processing Stats

File Path                                        PID  Runtime      # DAGs    # Errors  Last Runtime    Last Run
---------------------------------------------  -----  ---------  --------  ----------  --------------  -------------------
/opt/airflow/dags/openflights_pipeline_dag.py    367  0.01s             1           0  0.06s           2025-11-04T01:01:19
================================================================================
[2025-11-04T01:02:20.543+0000] {manager.py:879} INFO - 
================================================================================
DAG File Processing Stats

File Path                                        PID  Runtime      # DAGs    # Errors  Last Runtime    Last Run
---------------------------------------------  -----  ---------  --------  ----------  --------------  -------------------
/opt/airflow/dags/openflights_pipeline_dag.py    372  0.01s             1           0  0.07s           2025-11-04T01:01:50
================================================================================
[2025-11-04T01:02:48.813+0000] {manager.py:738} INFO - Searching for files in /opt/airflow/dags
[2025-11-04T01:02:48.818+0000] {manager.py:741} INFO - There are 1 files in /opt/airflow/dags
[2025-11-04T01:02:50.869+0000] {manager.py:879} INFO - 
================================================================================
DAG File Processing Stats

File Path                                        PID  Runtime      # DAGs    # Errors  Last Runtime    Last Run
---------------------------------------------  -----  ---------  --------  ----------  --------------  -------------------
/opt/airflow/dags/openflights_pipeline_dag.py    377  0.00s             1           0  0.08s           2025-11-04T01:02:20
================================================================================
[2025-11-04T01:03:21.193+0000] {manager.py:879} INFO - 
================================================================================
DAG File Processing Stats

File Path                                        PID  Runtime      # DAGs    # Errors  Last Runtime    Last Run
---------------------------------------------  -----  ---------  --------  ----------  --------------  -------------------
/opt/airflow/dags/openflights_pipeline_dag.py    382  0.00s             1           0  0.08s           2025-11-04T01:02:50
================================================================================
[2025-11-04T01:03:51.504+0000] {manager.py:879} INFO - 
================================================================================
DAG File Processing Stats

File Path                                        PID  Runtime      # DAGs    # Errors  Last Runtime    Last Run
---------------------------------------------  -----  ---------  --------  ----------  --------------  -------------------
/opt/airflow/dags/openflights_pipeline_dag.py    387  0.01s             1           0  0.05s           2025-11-04T01:03:21
================================================================================
[2025-11-04T01:04:21.837+0000] {manager.py:879} INFO - 
================================================================================
DAG File Processing Stats

File Path                                        PID  Runtime      # DAGs    # Errors  Last Runtime    Last Run
---------------------------------------------  -----  ---------  --------  ----------  --------------  -------------------
/opt/airflow/dags/openflights_pipeline_dag.py    392  0.01s             1           0  0.07s           2025-11-04T01:03:51
================================================================================
[2025-11-04T01:04:52.173+0000] {manager.py:879} INFO - 
================================================================================
DAG File Processing Stats

File Path                                        PID  Runtime      # DAGs    # Errors  Last Runtime    Last Run
---------------------------------------------  -----  ---------  --------  ----------  --------------  -------------------
/opt/airflow/dags/openflights_pipeline_dag.py    397  0.01s             1           0  0.08s           2025-11-04T01:04:21
================================================================================
[2025-11-04T01:05:22.498+0000] {manager.py:879} INFO - 
================================================================================
DAG File Processing Stats

File Path                                        PID  Runtime      # DAGs    # Errors  Last Runtime    Last Run
---------------------------------------------  -----  ---------  --------  ----------  --------------  -------------------
/opt/airflow/dags/openflights_pipeline_dag.py    402  0.01s             1           0  0.08s           2025-11-04T01:04:52
================================================================================
[2025-11-04T01:05:52.807+0000] {manager.py:879} INFO - 
================================================================================
DAG File Processing Stats

File Path                                        PID  Runtime      # DAGs    # Errors  Last Runtime    Last Run
---------------------------------------------  -----  ---------  --------  ----------  --------------  -------------------
/opt/airflow/dags/openflights_pipeline_dag.py    407  0.01s             1           0  0.07s           2025-11-04T01:05:22
================================================================================
[2025-11-04T01:06:23.052+0000] {manager.py:879} INFO - 
================================================================================
DAG File Processing Stats

File Path                                        PID  Runtime      # DAGs    # Errors  Last Runtime    Last Run
---------------------------------------------  -----  ---------  --------  ----------  --------------  -------------------
/opt/airflow/dags/openflights_pipeline_dag.py    481  0.00s             1           0  0.07s           2025-11-04T01:05:52
================================================================================
[2025-11-04T01:06:53.371+0000] {manager.py:879} INFO - 
================================================================================
DAG File Processing Stats

File Path                                        PID  Runtime      # DAGs    # Errors  Last Runtime    Last Run
---------------------------------------------  -----  ---------  --------  ----------  --------------  -------------------
/opt/airflow/dags/openflights_pipeline_dag.py    486  0.00s             1           0  0.05s           2025-11-04T01:06:23
================================================================================
[2025-11-04T01:07:23.649+0000] {manager.py:879} INFO - 
================================================================================
DAG File Processing Stats

File Path                                        PID  Runtime      # DAGs    # Errors  Last Runtime    Last Run
---------------------------------------------  -----  ---------  --------  ----------  --------------  -------------------
/opt/airflow/dags/openflights_pipeline_dag.py    491  0.01s             1           0  0.07s           2025-11-04T01:06:53
================================================================================
[2025-11-04T01:07:48.937+0000] {manager.py:738} INFO - Searching for files in /opt/airflow/dags
[2025-11-04T01:07:48.943+0000] {manager.py:741} INFO - There are 1 files in /opt/airflow/dags
[2025-11-04T01:07:54.009+0000] {manager.py:879} INFO - 
================================================================================
DAG File Processing Stats

File Path                                        PID  Runtime      # DAGs    # Errors  Last Runtime    Last Run
---------------------------------------------  -----  ---------  --------  ----------  --------------  -------------------
/opt/airflow/dags/openflights_pipeline_dag.py    496  0.00s             1           0  0.08s           2025-11-04T01:07:23
================================================================================
[2025-11-04T01:08:24.295+0000] {manager.py:879} INFO - 
================================================================================
DAG File Processing Stats

File Path                                        PID  Runtime      # DAGs    # Errors  Last Runtime    Last Run
---------------------------------------------  -----  ---------  --------  ----------  --------------  -------------------
/opt/airflow/dags/openflights_pipeline_dag.py    504  0.00s             1           0  0.09s           2025-11-04T01:07:54
================================================================================
[2025-11-04T01:08:54.632+0000] {manager.py:879} INFO - 
================================================================================
DAG File Processing Stats

File Path                                        PID  Runtime      # DAGs    # Errors  Last Runtime    Last Run
---------------------------------------------  -----  ---------  --------  ----------  --------------  -------------------
/opt/airflow/dags/openflights_pipeline_dag.py    509  0.01s             1           0  0.05s           2025-11-04T01:08:24
================================================================================
[2025-11-04T01:09:24.963+0000] {manager.py:879} INFO - 
================================================================================
DAG File Processing Stats

File Path                                        PID  Runtime      # DAGs    # Errors  Last Runtime    Last Run
---------------------------------------------  -----  ---------  --------  ----------  --------------  -------------------
/opt/airflow/dags/openflights_pipeline_dag.py    514  0.01s             1           0  0.08s           2025-11-04T01:08:54
================================================================================
[2025-11-04T01:09:55.255+0000] {manager.py:879} INFO - 
================================================================================
DAG File Processing Stats

File Path                                        PID  Runtime      # DAGs    # Errors  Last Runtime    Last Run
---------------------------------------------  -----  ---------  --------  ----------  --------------  -------------------
/opt/airflow/dags/openflights_pipeline_dag.py    519  0.01s             1           0  0.07s           2025-11-04T01:09:25
================================================================================
[2025-11-04T01:10:25.579+0000] {manager.py:879} INFO - 
================================================================================
DAG File Processing Stats

File Path                                        PID  Runtime      # DAGs    # Errors  Last Runtime    Last Run
---------------------------------------------  -----  ---------  --------  ----------  --------------  -------------------
/opt/airflow/dags/openflights_pipeline_dag.py    524  0.01s             1           0  0.12s           2025-11-04T01:09:55
================================================================================
[2025-11-04T01:10:55.919+0000] {manager.py:879} INFO - 
================================================================================
DAG File Processing Stats

File Path                                        PID  Runtime      # DAGs    # Errors  Last Runtime    Last Run
---------------------------------------------  -----  ---------  --------  ----------  --------------  -------------------
/opt/airflow/dags/openflights_pipeline_dag.py    529  0.01s             1           0  0.08s           2025-11-04T01:10:25
================================================================================
[2025-11-04T01:11:26.200+0000] {manager.py:879} INFO - 
================================================================================
DAG File Processing Stats

File Path                                        PID  Runtime      # DAGs    # Errors  Last Runtime    Last Run
---------------------------------------------  -----  ---------  --------  ----------  --------------  -------------------
/opt/airflow/dags/openflights_pipeline_dag.py    534  0.01s             1           0  0.10s           2025-11-04T01:10:56
================================================================================
[2025-11-04T01:11:56.483+0000] {manager.py:879} INFO - 
================================================================================
DAG File Processing Stats

File Path                                        PID  Runtime      # DAGs    # Errors  Last Runtime    Last Run
---------------------------------------------  -----  ---------  --------  ----------  --------------  -------------------
/opt/airflow/dags/openflights_pipeline_dag.py    539  0.00s             1           0  0.07s           2025-11-04T01:11:26
================================================================================
[2025-11-04T01:12:26.751+0000] {manager.py:879} INFO - 
================================================================================
DAG File Processing Stats

File Path                                        PID  Runtime      # DAGs    # Errors  Last Runtime    Last Run
---------------------------------------------  -----  ---------  --------  ----------  --------------  -------------------
/opt/airflow/dags/openflights_pipeline_dag.py    544  0.00s             1           0  0.06s           2025-11-04T01:11:56
================================================================================
[2025-11-04T01:12:48.951+0000] {manager.py:738} INFO - Searching for files in /opt/airflow/dags
[2025-11-04T01:12:48.954+0000] {manager.py:741} INFO - There are 1 files in /opt/airflow/dags
[2025-11-04T01:12:57.040+0000] {manager.py:879} INFO - 
================================================================================
DAG File Processing Stats

File Path                                        PID  Runtime      # DAGs    # Errors  Last Runtime    Last Run
---------------------------------------------  -----  ---------  --------  ----------  --------------  -------------------
/opt/airflow/dags/openflights_pipeline_dag.py    549  0.01s             1           0  0.06s           2025-11-04T01:12:26
================================================================================
[2025-11-04T01:13:27.315+0000] {manager.py:879} INFO - 
================================================================================
DAG File Processing Stats

File Path                                        PID  Runtime      # DAGs    # Errors  Last Runtime    Last Run
---------------------------------------------  -----  ---------  --------  ----------  --------------  -------------------
/opt/airflow/dags/openflights_pipeline_dag.py    554  0.00s             1           0  0.06s           2025-11-04T01:12:57
================================================================================
[2025-11-04T01:13:57.577+0000] {manager.py:879} INFO - 
================================================================================
DAG File Processing Stats

File Path                                        PID  Runtime      # DAGs    # Errors  Last Runtime    Last Run
---------------------------------------------  -----  ---------  --------  ----------  --------------  -------------------
/opt/airflow/dags/openflights_pipeline_dag.py    559  0.00s             1           0  0.07s           2025-11-04T01:13:27
================================================================================
[2025-11-04T01:14:27.871+0000] {manager.py:879} INFO - 
================================================================================
DAG File Processing Stats

File Path                                        PID  Runtime      # DAGs    # Errors  Last Runtime    Last Run
---------------------------------------------  -----  ---------  --------  ----------  --------------  -------------------
/opt/airflow/dags/openflights_pipeline_dag.py    564  0.01s             1           0  0.06s           2025-11-04T01:13:57
================================================================================
[2025-11-04T01:14:58.143+0000] {manager.py:879} INFO - 
================================================================================
DAG File Processing Stats

File Path                                        PID  Runtime      # DAGs    # Errors  Last Runtime    Last Run
---------------------------------------------  -----  ---------  --------  ----------  --------------  -------------------
/opt/airflow/dags/openflights_pipeline_dag.py    569  0.01s             1           0  0.09s           2025-11-04T01:14:27
================================================================================
[2025-11-04T01:15:28.415+0000] {manager.py:879} INFO - 
================================================================================
DAG File Processing Stats

File Path                                        PID  Runtime      # DAGs    # Errors  Last Runtime    Last Run
---------------------------------------------  -----  ---------  --------  ----------  --------------  -------------------
/opt/airflow/dags/openflights_pipeline_dag.py    574  0.00s             1           0  0.11s           2025-11-04T01:14:58
================================================================================
[2025-11-04T01:15:58.728+0000] {manager.py:879} INFO - 
================================================================================
DAG File Processing Stats

File Path                                        PID  Runtime      # DAGs    # Errors  Last Runtime    Last Run
---------------------------------------------  -----  ---------  --------  ----------  --------------  -------------------
/opt/airflow/dags/openflights_pipeline_dag.py    579  0.00s             1           0  0.05s           2025-11-04T01:15:28
================================================================================
[2025-11-04T01:16:29.048+0000] {manager.py:879} INFO - 
================================================================================
DAG File Processing Stats

File Path                                        PID  Runtime      # DAGs    # Errors  Last Runtime    Last Run
---------------------------------------------  -----  ---------  --------  ----------  --------------  -------------------
/opt/airflow/dags/openflights_pipeline_dag.py    584  0.01s             1           0  0.07s           2025-11-04T01:15:58
================================================================================
[2025-11-04T01:16:59.375+0000] {manager.py:879} INFO - 
================================================================================
DAG File Processing Stats

File Path                                        PID  Runtime      # DAGs    # Errors  Last Runtime    Last Run
---------------------------------------------  -----  ---------  --------  ----------  --------------  -------------------
/opt/airflow/dags/openflights_pipeline_dag.py    589  0.01s             1           0  0.07s           2025-11-04T01:16:29
================================================================================
[2025-11-04T01:17:17.543+0000] {manager.py:469} INFO - Processing files using up to 2 processes at a time 
[2025-11-04T01:17:17.544+0000] {manager.py:470} INFO - Process each file at most once every 30 seconds
[2025-11-04T01:17:17.544+0000] {manager.py:471} INFO - Checking for new files in /opt/airflow/dags every 300 seconds
[2025-11-04T01:17:17.545+0000] {manager.py:738} INFO - Searching for files in /opt/airflow/dags
[2025-11-04T01:17:17.545+0000] {manager.py:741} INFO - There are 1 files in /opt/airflow/dags
[2025-11-04T01:17:17.577+0000] {manager.py:879} INFO - 
================================================================================
DAG File Processing Stats

File Path                                        PID  Runtime      # DAGs    # Errors  Last Runtime    Last Run
---------------------------------------------  -----  ---------  --------  ----------  --------------  ----------
/opt/airflow/dags/openflights_pipeline_dag.py    216  0.01s             0           0
================================================================================
[2025-11-04T01:17:47.837+0000] {manager.py:879} INFO - 
================================================================================
DAG File Processing Stats

File Path                                        PID  Runtime      # DAGs    # Errors  Last Runtime    Last Run
---------------------------------------------  -----  ---------  --------  ----------  --------------  -------------------
/opt/airflow/dags/openflights_pipeline_dag.py    240  0.01s             1           0  0.05s           2025-11-04T01:17:17
================================================================================
[2025-11-04T01:18:18.131+0000] {manager.py:879} INFO - 
================================================================================
DAG File Processing Stats

File Path                                        PID  Runtime      # DAGs    # Errors  Last Runtime    Last Run
---------------------------------------------  -----  ---------  --------  ----------  --------------  -------------------
/opt/airflow/dags/openflights_pipeline_dag.py    245  0.01s             1           0  0.09s           2025-11-04T01:17:47
================================================================================
[2025-11-04T01:18:48.349+0000] {manager.py:879} INFO - 
================================================================================
DAG File Processing Stats

File Path                                        PID  Runtime      # DAGs    # Errors  Last Runtime    Last Run
---------------------------------------------  -----  ---------  --------  ----------  --------------  -------------------
/opt/airflow/dags/openflights_pipeline_dag.py    351  0.01s             1           0  0.07s           2025-11-04T01:18:18
================================================================================
[2025-11-04T01:19:18.699+0000] {manager.py:879} INFO - 
================================================================================
DAG File Processing Stats

File Path                                        PID  Runtime      # DAGs    # Errors  Last Runtime    Last Run
---------------------------------------------  -----  ---------  --------  ----------  --------------  -------------------
/opt/airflow/dags/openflights_pipeline_dag.py    358  0.01s             1           0  0.06s           2025-11-04T01:18:48
================================================================================
[2025-11-04T01:19:49.050+0000] {manager.py:879} INFO - 
================================================================================
DAG File Processing Stats

File Path                                        PID  Runtime      # DAGs    # Errors  Last Runtime    Last Run
---------------------------------------------  -----  ---------  --------  ----------  --------------  -------------------
/opt/airflow/dags/openflights_pipeline_dag.py    363  0.01s             1           0  0.10s           2025-11-04T01:19:18
================================================================================
[2025-11-04T01:20:19.326+0000] {manager.py:879} INFO - 
================================================================================
DAG File Processing Stats

File Path                                        PID  Runtime      # DAGs    # Errors  Last Runtime    Last Run
---------------------------------------------  -----  ---------  --------  ----------  --------------  -------------------
/opt/airflow/dags/openflights_pipeline_dag.py    368  0.01s             1           0  0.07s           2025-11-04T01:19:49
================================================================================
[2025-11-04T01:20:49.700+0000] {manager.py:879} INFO - 
================================================================================
DAG File Processing Stats

File Path                                        PID  Runtime      # DAGs    # Errors  Last Runtime    Last Run
---------------------------------------------  -----  ---------  --------  ----------  --------------  -------------------
/opt/airflow/dags/openflights_pipeline_dag.py    373  0.01s             1           0  0.06s           2025-11-04T01:20:19
================================================================================
[2025-11-04T01:21:19.989+0000] {manager.py:879} INFO - 
================================================================================
DAG File Processing Stats

File Path                                        PID  Runtime      # DAGs    # Errors  Last Runtime    Last Run
---------------------------------------------  -----  ---------  --------  ----------  --------------  -------------------
/opt/airflow/dags/openflights_pipeline_dag.py    405  0.01s             1           0  0.07s           2025-11-04T01:20:49
================================================================================
[2025-11-04T01:21:50.293+0000] {manager.py:879} INFO - 
================================================================================
DAG File Processing Stats

File Path                                        PID  Runtime      # DAGs    # Errors  Last Runtime    Last Run
---------------------------------------------  -----  ---------  --------  ----------  --------------  -------------------
/opt/airflow/dags/openflights_pipeline_dag.py    410  0.00s             1           0  0.07s           2025-11-04T01:21:20
================================================================================
[2025-11-04T01:22:17.565+0000] {manager.py:738} INFO - Searching for files in /opt/airflow/dags
[2025-11-04T01:22:17.569+0000] {manager.py:741} INFO - There are 1 files in /opt/airflow/dags
[2025-11-04T01:22:20.614+0000] {manager.py:879} INFO - 
================================================================================
DAG File Processing Stats

File Path                                        PID  Runtime      # DAGs    # Errors  Last Runtime    Last Run
---------------------------------------------  -----  ---------  --------  ----------  --------------  -------------------
/opt/airflow/dags/openflights_pipeline_dag.py    415  0.00s             1           0  0.05s           2025-11-04T01:21:50
================================================================================
[2025-11-04T01:22:50.917+0000] {manager.py:879} INFO - 
================================================================================
DAG File Processing Stats

File Path                                        PID  Runtime      # DAGs    # Errors  Last Runtime    Last Run
---------------------------------------------  -----  ---------  --------  ----------  --------------  -------------------
/opt/airflow/dags/openflights_pipeline_dag.py    420  0.01s             1           0  0.06s           2025-11-04T01:22:20
================================================================================
[2025-11-04T01:23:21.238+0000] {manager.py:879} INFO - 
================================================================================
DAG File Processing Stats

File Path                                        PID  Runtime      # DAGs    # Errors  Last Runtime    Last Run
---------------------------------------------  -----  ---------  --------  ----------  --------------  -------------------
/opt/airflow/dags/openflights_pipeline_dag.py    425  0.01s             1           0  0.11s           2025-11-04T01:22:51
================================================================================
[2025-11-04T01:23:51.621+0000] {manager.py:879} INFO - 
================================================================================
DAG File Processing Stats

File Path                                        PID  Runtime      # DAGs    # Errors  Last Runtime    Last Run
---------------------------------------------  -----  ---------  --------  ----------  --------------  -------------------
/opt/airflow/dags/openflights_pipeline_dag.py    430  0.00s             1           0  0.07s           2025-11-04T01:23:21
================================================================================
[2025-11-04T01:24:21.921+0000] {manager.py:879} INFO - 
================================================================================
DAG File Processing Stats

File Path                                        PID  Runtime      # DAGs    # Errors  Last Runtime    Last Run
---------------------------------------------  -----  ---------  --------  ----------  --------------  -------------------
/opt/airflow/dags/openflights_pipeline_dag.py    435  0.00s             1           0  0.06s           2025-11-04T01:23:51
================================================================================
