[2025-11-04T00:59:22.896+0000] {taskinstance.py:1956} INFO - Dependencies all met for dep_context=non-requeueable deps ti=<TaskInstance: openflights_etl_pipeline.transform_group.transform_airports_task manual__2025-11-04T00:59:20+00:00 [queued]>
[2025-11-04T00:59:22.899+0000] {taskinstance.py:1956} INFO - Dependencies all met for dep_context=requeueable deps ti=<TaskInstance: openflights_etl_pipeline.transform_group.transform_airports_task manual__2025-11-04T00:59:20+00:00 [queued]>
[2025-11-04T00:59:22.899+0000] {taskinstance.py:2170} INFO - Starting attempt 1 of 2
[2025-11-04T00:59:22.903+0000] {taskinstance.py:2191} INFO - Executing <Task(PythonOperator): transform_group.transform_airports_task> on 2025-11-04 00:59:20+00:00
[2025-11-04T00:59:22.905+0000] {standard_task_runner.py:60} INFO - Started process 332 to run task
[2025-11-04T00:59:22.906+0000] {standard_task_runner.py:87} INFO - Running: ['***', 'tasks', 'run', 'openflights_etl_pipeline', 'transform_group.transform_airports_task', 'manual__2025-11-04T00:59:20+00:00', '--job-id', '10', '--raw', '--subdir', 'DAGS_FOLDER/openflights_pipeline_dag.py', '--cfg-path', '/tmp/tmpxr8anlsq']
[2025-11-04T00:59:22.907+0000] {standard_task_runner.py:88} INFO - Job 10: Subtask transform_group.transform_airports_task
[2025-11-04T00:59:22.926+0000] {task_command.py:423} INFO - Running <TaskInstance: openflights_etl_pipeline.transform_group.transform_airports_task manual__2025-11-04T00:59:20+00:00 [running]> on host 43019d6e422f
[2025-11-04T00:59:22.957+0000] {taskinstance.py:2480} INFO - Exporting env vars: AIRFLOW_CTX_DAG_OWNER='student' AIRFLOW_CTX_DAG_ID='openflights_etl_pipeline' AIRFLOW_CTX_TASK_ID='transform_group.transform_airports_task' AIRFLOW_CTX_EXECUTION_DATE='2025-11-04T00:59:20+00:00' AIRFLOW_CTX_TRY_NUMBER='1' AIRFLOW_CTX_DAG_RUN_ID='manual__2025-11-04T00:59:20+00:00'
[2025-11-04T00:59:23.158+0000] {logging_mixin.py:188} INFO - ✈️  Transforming airports from: /opt/***/data/airports.dat
[2025-11-04T00:59:23.176+0000] {logging_mixin.py:188} INFO -   ✓ Loaded 7698 airports
[2025-11-04T00:59:23.176+0000] {logging_mixin.py:188} INFO -   ✓ Countries: 237
[2025-11-04T00:59:23.176+0000] {logging_mixin.py:188} INFO -   ✓ Columns: ['airport_id', 'name', 'city', 'country', 'iata', 'icao', 'latitude', 'longitude', 'altitude', 'timezone', 'dst', 'tz_database', 'type', 'source']
[2025-11-04T00:59:23.178+0000] {logging_mixin.py:188} INFO -   ✓ Cleaned dataset: 7698 airports with valid coordinates
[2025-11-04T00:59:23.179+0000] {logging_mixin.py:188} INFO -   ✓ Sample airport: Goroka Airport, Goroka, Papua New Guinea
[2025-11-04T00:59:23.196+0000] {logging_mixin.py:188} INFO -   ✅ Saved 7698 processed airports to: /opt/***/data/processed/airports_processed.csv
[2025-11-04T00:59:23.197+0000] {logging_mixin.py:188} INFO - Transformed airports saved to: /opt/***/data/processed/airports_processed.csv
[2025-11-04T00:59:23.197+0000] {python.py:201} INFO - Done. Returned value was: /opt/***/data/processed/airports_processed.csv
[2025-11-04T00:59:23.206+0000] {taskinstance.py:1138} INFO - Marking task as SUCCESS. dag_id=openflights_etl_pipeline, task_id=transform_group.transform_airports_task, execution_date=20251104T005920, start_date=20251104T005922, end_date=20251104T005923
[2025-11-04T00:59:23.229+0000] {local_task_job_runner.py:234} INFO - Task exited with return code 0
[2025-11-04T00:59:23.238+0000] {taskinstance.py:3280} INFO - 0 downstream tasks scheduled from follow-on schedule check
