[2025-11-04T01:18:49.321+0000] {taskinstance.py:1956} INFO - Dependencies all met for dep_context=non-requeueable deps ti=<TaskInstance: openflights_etl_pipeline.cleanup_task manual__2025-11-04T01:18:31+00:00 [queued]>
[2025-11-04T01:18:49.323+0000] {taskinstance.py:1956} INFO - Dependencies all met for dep_context=requeueable deps ti=<TaskInstance: openflights_etl_pipeline.cleanup_task manual__2025-11-04T01:18:31+00:00 [queued]>
[2025-11-04T01:18:49.323+0000] {taskinstance.py:2170} INFO - Starting attempt 1 of 3
[2025-11-04T01:18:49.327+0000] {taskinstance.py:2191} INFO - Executing <Task(PythonOperator): cleanup_task> on 2025-11-04 01:18:31+00:00
[2025-11-04T01:18:49.329+0000] {standard_task_runner.py:60} INFO - Started process 357 to run task
[2025-11-04T01:18:49.330+0000] {standard_task_runner.py:87} INFO - Running: ['***', 'tasks', 'run', 'openflights_etl_pipeline', 'cleanup_task', 'manual__2025-11-04T01:18:31+00:00', '--job-id', '27', '--raw', '--subdir', 'DAGS_FOLDER/openflights_pipeline_dag.py', '--cfg-path', '/tmp/tmp7udfe7g8']
[2025-11-04T01:18:49.331+0000] {standard_task_runner.py:88} INFO - Job 27: Subtask cleanup_task
[2025-11-04T01:18:49.349+0000] {task_command.py:423} INFO - Running <TaskInstance: openflights_etl_pipeline.cleanup_task manual__2025-11-04T01:18:31+00:00 [running]> on host 4913d2343cee
[2025-11-04T01:18:49.378+0000] {taskinstance.py:2480} INFO - Exporting env vars: AIRFLOW_CTX_DAG_OWNER='student' AIRFLOW_CTX_DAG_ID='openflights_etl_pipeline' AIRFLOW_CTX_TASK_ID='cleanup_task' AIRFLOW_CTX_EXECUTION_DATE='2025-11-04T01:18:31+00:00' AIRFLOW_CTX_TRY_NUMBER='1' AIRFLOW_CTX_DAG_RUN_ID='manual__2025-11-04T01:18:31+00:00'
[2025-11-04T01:18:49.378+0000] {logging_mixin.py:188} INFO - 
================================================================================
[2025-11-04T01:18:49.378+0000] {logging_mixin.py:188} INFO - TASK: CLEANUP
[2025-11-04T01:18:49.378+0000] {logging_mixin.py:188} INFO - ================================================================================
[2025-11-04T01:18:49.378+0000] {logging_mixin.py:188} INFO - Cleaning up intermediate files in /opt/***/data/processed
[2025-11-04T01:18:49.379+0000] {logging_mixin.py:188} INFO -   Removed: routes_processed.csv
[2025-11-04T01:18:49.379+0000] {logging_mixin.py:188} INFO -   Removed: airports_processed.csv
[2025-11-04T01:18:49.379+0000] {logging_mixin.py:188} INFO - ✅ Cleanup completed - removed 2 files
[2025-11-04T01:18:49.379+0000] {python.py:201} INFO - Done. Returned value was: None
[2025-11-04T01:18:49.382+0000] {taskinstance.py:1138} INFO - Marking task as SUCCESS. dag_id=openflights_etl_pipeline, task_id=cleanup_task, execution_date=20251104T011831, start_date=20251104T011849, end_date=20251104T011849
[2025-11-04T01:18:49.387+0000] {local_task_job_runner.py:234} INFO - Task exited with return code 0
[2025-11-04T01:18:49.393+0000] {taskinstance.py:3280} INFO - 0 downstream tasks scheduled from follow-on schedule check
